mode: atomic
github.com/Rain-kl/Wavelet/main.go:20.13,22.2 1 0
github.com/Rain-kl/Wavelet/internal/apps/admin/db_manage/routers.go:73.39,75.18 2 0
github.com/Rain-kl/Wavelet/internal/apps/admin/db_manage/routers.go:75.18,77.3 1 0
github.com/Rain-kl/Wavelet/internal/apps/admin/db_manage/routers.go:78.2,79.46 2 0
github.com/Rain-kl/Wavelet/internal/apps/admin/db_manage/routers.go:79.46,82.3 2 0
github.com/Rain-kl/Wavelet/internal/apps/admin/db_manage/routers.go:83.2,85.13 3 0
github.com/Rain-kl/Wavelet/internal/apps/admin/db_manage/routers.go:86.16,87.17 1 0
github.com/Rain-kl/Wavelet/internal/apps/admin/db_manage/routers.go:88.16,89.17 1 0
github.com/Rain-kl/Wavelet/internal/apps/admin/db_manage/routers.go:90.16,91.17 1 0
github.com/Rain-kl/Wavelet/internal/apps/admin/db_manage/routers.go:92.10,93.17 1 0
github.com/Rain-kl/Wavelet/internal/apps/admin/db_manage/routers.go:96.2,96.32 1 0
github.com/Rain-kl/Wavelet/internal/apps/admin/db_manage/routers.go:96.32,97.30 1 0
github.com/Rain-kl/Wavelet/internal/apps/admin/db_manage/routers.go:97.30,99.4 1 0
github.com/Rain-kl/Wavelet/internal/apps/admin/db_manage/routers.go:100.3,100.47 1 0
github.com/Rain-kl/Wavelet/internal/apps/admin/db_manage/routers.go:102.2,102.46 1 0
github.com/Rain-kl/Wavelet/internal/apps/admin/db_manage/routers.go:106.69,108.16 2 0
github.com/Rain-kl/Wavelet/internal/apps/admin/db_manage/routers.go:108.16,110.3 1 0
github.com/Rain-kl/Wavelet/internal/apps/admin/db_manage/routers.go:112.2,114.79 3 0
github.com/Rain-kl/Wavelet/internal/apps/admin/db_manage/routers.go:114.79,116.3 1 0
github.com/Rain-kl/Wavelet/internal/apps/admin/db_manage/routers.go:116.8,118.3 1 0
github.com/Rain-kl/Wavelet/internal/apps/admin/db_manage/routers.go:120.2,121.42 2 0
github.com/Rain-kl/Wavelet/internal/apps/admin/db_manage/routers.go:121.42,123.15 2 0
github.com/Rain-kl/Wavelet/internal/apps/admin/db_manage/routers.go:123.15,125.4 1 0
github.com/Rain-kl/Wavelet/internal/apps/admin/db_manage/routers.go:126.3,126.38 1 0
github.com/Rain-kl/Wavelet/internal/apps/admin/db_manage/routers.go:127.8,129.3 1 0
github.com/Rain-kl/Wavelet/internal/apps/admin/db_manage/routers.go:131.2,132.145 2 0
github.com/Rain-kl/Wavelet/internal/apps/admin/db_manage/routers.go:132.145,134.3 1 0
github.com/Rain-kl/Wavelet/internal/apps/admin/db_manage/routers.go:136.2,137.43 2 0
github.com/Rain-kl/Wavelet/internal/apps/admin/db_manage/routers.go:137.43,139.3 1 0
github.com/Rain-kl/Wavelet/internal/apps/admin/db_manage/routers.go:139.8,141.3 1 0
github.com/Rain-kl/Wavelet/internal/apps/admin/db_manage/routers.go:143.2,150.8 1 0
github.com/Rain-kl/Wavelet/internal/apps/admin/db_manage/routers.go:154.71,159.72 4 0
github.com/Rain-kl/Wavelet/internal/apps/admin/db_manage/routers.go:159.72,161.3 1 0
github.com/Rain-kl/Wavelet/internal/apps/admin/db_manage/routers.go:161.8,163.3 1 0
github.com/Rain-kl/Wavelet/internal/apps/admin/db_manage/routers.go:165.2,167.124 3 0
github.com/Rain-kl/Wavelet/internal/apps/admin/db_manage/routers.go:167.124,169.15 2 0
github.com/Rain-kl/Wavelet/internal/apps/admin/db_manage/routers.go:169.15,171.4 1 0
github.com/Rain-kl/Wavelet/internal/apps/admin/db_manage/routers.go:172.3,172.38 1 0
github.com/Rain-kl/Wavelet/internal/apps/admin/db_manage/routers.go:173.8,175.3 1 0
github.com/Rain-kl/Wavelet/internal/apps/admin/db_manage/routers.go:177.2,178.147 2 0
github.com/Rain-kl/Wavelet/internal/apps/admin/db_manage/routers.go:178.147,180.3 1 0
github.com/Rain-kl/Wavelet/internal/apps/admin/db_manage/routers.go:182.2,184.141 3 0
github.com/Rain-kl/Wavelet/internal/apps/admin/db_manage/routers.go:184.141,186.3 1 0
github.com/Rain-kl/Wavelet/internal/apps/admin/db_manage/routers.go:186.8,187.44 1 0
github.com/Rain-kl/Wavelet/internal/apps/admin/db_manage/routers.go:187.44,189.4 1 0
github.com/Rain-kl/Wavelet/internal/apps/admin/db_manage/routers.go:189.9,191.4 1 0
github.com/Rain-kl/Wavelet/internal/apps/admin/db_manage/routers.go:194.2,201.8 1 0
github.com/Rain-kl/Wavelet/internal/apps/admin/db_manage/routers.go:215.36,217.19 2 0
github.com/Rain-kl/Wavelet/internal/apps/admin/db_manage/routers.go:217.19,220.3 2 0
github.com/Rain-kl/Wavelet/internal/apps/admin/db_manage/routers.go:222.2,225.37 3 0
github.com/Rain-kl/Wavelet/internal/apps/admin/db_manage/routers.go:225.37,227.3 1 0
github.com/Rain-kl/Wavelet/internal/apps/admin/db_manage/routers.go:227.8,229.3 1 0
github.com/Rain-kl/Wavelet/internal/apps/admin/db_manage/routers.go:231.2,231.16 1 0
github.com/Rain-kl/Wavelet/internal/apps/admin/db_manage/routers.go:231.16,234.3 2 0
github.com/Rain-kl/Wavelet/internal/apps/admin/db_manage/routers.go:236.2,236.46 1 0
github.com/Rain-kl/Wavelet/internal/apps/admin/db_manage/routers.go:250.35,252.19 2 0
github.com/Rain-kl/Wavelet/internal/apps/admin/db_manage/routers.go:252.19,255.3 2 0
github.com/Rain-kl/Wavelet/internal/apps/admin/db_manage/routers.go:257.2,260.37 3 0
github.com/Rain-kl/Wavelet/internal/apps/admin/db_manage/routers.go:260.37,262.3 1 0
github.com/Rain-kl/Wavelet/internal/apps/admin/db_manage/routers.go:262.8,264.3 1 0
github.com/Rain-kl/Wavelet/internal/apps/admin/db_manage/routers.go:266.2,266.16 1 0
github.com/Rain-kl/Wavelet/internal/apps/admin/db_manage/routers.go:266.16,269.3 2 0
github.com/Rain-kl/Wavelet/internal/apps/admin/db_manage/routers.go:271.2,271.44 1 0
github.com/Rain-kl/Wavelet/internal/apps/admin/db_manage/routers.go:275.37,277.48 2 0
github.com/Rain-kl/Wavelet/internal/apps/admin/db_manage/routers.go:277.48,280.3 2 0
github.com/Rain-kl/Wavelet/internal/apps/admin/db_manage/routers.go:282.2,283.19 2 0
github.com/Rain-kl/Wavelet/internal/apps/admin/db_manage/routers.go:283.19,286.3 2 0
github.com/Rain-kl/Wavelet/internal/apps/admin/db_manage/routers.go:289.2,292.93 3 0
github.com/Rain-kl/Wavelet/internal/apps/admin/db_manage/routers.go:292.93,295.3 2 0
github.com/Rain-kl/Wavelet/internal/apps/admin/db_manage/routers.go:297.2,298.16 2 0
github.com/Rain-kl/Wavelet/internal/apps/admin/db_manage/routers.go:298.16,300.3 1 0
github.com/Rain-kl/Wavelet/internal/apps/admin/db_manage/routers.go:301.2,302.16 2 0
github.com/Rain-kl/Wavelet/internal/apps/admin/db_manage/routers.go:302.16,304.3 1 0
github.com/Rain-kl/Wavelet/internal/apps/admin/db_manage/routers.go:306.2,307.16 2 0
github.com/Rain-kl/Wavelet/internal/apps/admin/db_manage/routers.go:307.16,310.3 2 0
github.com/Rain-kl/Wavelet/internal/apps/admin/db_manage/routers.go:311.2,311.15 1 0
github.com/Rain-kl/Wavelet/internal/apps/admin/db_manage/routers.go:311.15,313.3 1 0
github.com/Rain-kl/Wavelet/internal/apps/admin/db_manage/routers.go:315.2,316.16 2 0
github.com/Rain-kl/Wavelet/internal/apps/admin/db_manage/routers.go:316.16,319.3 2 0
github.com/Rain-kl/Wavelet/internal/apps/admin/db_manage/routers.go:321.2,322.16 2 0
github.com/Rain-kl/Wavelet/internal/apps/admin/db_manage/routers.go:322.16,325.3 2 0
github.com/Rain-kl/Wavelet/internal/apps/admin/db_manage/routers.go:327.2,331.5 1 0
github.com/Rain-kl/Wavelet/internal/apps/admin/db_manage/routers.go:335.85,337.18 2 0
github.com/Rain-kl/Wavelet/internal/apps/admin/db_manage/routers.go:337.18,340.26 3 0
github.com/Rain-kl/Wavelet/internal/apps/admin/db_manage/routers.go:340.26,342.4 1 0
github.com/Rain-kl/Wavelet/internal/apps/admin/db_manage/routers.go:344.3,344.54 1 0
github.com/Rain-kl/Wavelet/internal/apps/admin/db_manage/routers.go:344.54,346.4 1 0
github.com/Rain-kl/Wavelet/internal/apps/admin/db_manage/routers.go:348.3,349.32 2 0
github.com/Rain-kl/Wavelet/internal/apps/admin/db_manage/routers.go:349.32,351.33 2 0
github.com/Rain-kl/Wavelet/internal/apps/admin/db_manage/routers.go:351.33,354.37 3 0
github.com/Rain-kl/Wavelet/internal/apps/admin/db_manage/routers.go:354.37,356.6 1 0
github.com/Rain-kl/Wavelet/internal/apps/admin/db_manage/routers.go:357.5,357.29 1 0
github.com/Rain-kl/Wavelet/internal/apps/admin/db_manage/routers.go:358.10,358.42 1 0
github.com/Rain-kl/Wavelet/internal/apps/admin/db_manage/routers.go:358.42,360.37 2 0
github.com/Rain-kl/Wavelet/internal/apps/admin/db_manage/routers.go:360.37,362.6 1 0
github.com/Rain-kl/Wavelet/internal/apps/admin/db_manage/routers.go:363.5,363.26 1 0
github.com/Rain-kl/Wavelet/internal/apps/admin/db_manage/routers.go:364.10,366.5 1 0
github.com/Rain-kl/Wavelet/internal/apps/admin/db_manage/routers.go:368.3,368.36 1 0
github.com/Rain-kl/Wavelet/internal/apps/admin/db_manage/routers.go:370.2,370.21 1 0
github.com/Rain-kl/Wavelet/internal/apps/admin/db_manage/routers.go:374.103,376.16 2 0
github.com/Rain-kl/Wavelet/internal/apps/admin/db_manage/routers.go:376.16,378.3 1 0
github.com/Rain-kl/Wavelet/internal/apps/admin/db_manage/routers.go:379.2,379.15 1 0
github.com/Rain-kl/Wavelet/internal/apps/admin/db_manage/routers.go:379.15,381.3 1 0
github.com/Rain-kl/Wavelet/internal/apps/admin/db_manage/routers.go:383.2,384.16 2 0
github.com/Rain-kl/Wavelet/internal/apps/admin/db_manage/routers.go:384.16,386.3 1 0
github.com/Rain-kl/Wavelet/internal/apps/admin/db_manage/routers.go:388.2,389.18 2 0
github.com/Rain-kl/Wavelet/internal/apps/admin/db_manage/routers.go:389.18,392.26 3 0
github.com/Rain-kl/Wavelet/internal/apps/admin/db_manage/routers.go:392.26,394.4 1 0
github.com/Rain-kl/Wavelet/internal/apps/admin/db_manage/routers.go:396.3,396.54 1 0
github.com/Rain-kl/Wavelet/internal/apps/admin/db_manage/routers.go:396.54,398.4 1 0
github.com/Rain-kl/Wavelet/internal/apps/admin/db_manage/routers.go:400.3,401.32 2 0
github.com/Rain-kl/Wavelet/internal/apps/admin/db_manage/routers.go:401.32,403.33 2 0
github.com/Rain-kl/Wavelet/internal/apps/admin/db_manage/routers.go:403.33,405.5 1 0
github.com/Rain-kl/Wavelet/internal/apps/admin/db_manage/routers.go:405.10,407.5 1 0
github.com/Rain-kl/Wavelet/internal/apps/admin/db_manage/routers.go:409.3,409.36 1 0
github.com/Rain-kl/Wavelet/internal/apps/admin/db_manage/routers.go:412.2,419.8 2 0
github.com/Rain-kl/Wavelet/internal/apps/admin/db_manage/routers.go:423.106,425.21 2 0
github.com/Rain-kl/Wavelet/internal/apps/admin/db_manage/routers.go:425.21,427.3 1 0
github.com/Rain-kl/Wavelet/internal/apps/admin/db_manage/routers.go:429.2,434.8 2 0
github.com/Rain-kl/Wavelet/internal/apps/admin/db_manage/routers.go:451.33,453.47 2 0
github.com/Rain-kl/Wavelet/internal/apps/admin/db_manage/routers.go:453.47,456.3 2 0
github.com/Rain-kl/Wavelet/internal/apps/admin/db_manage/routers.go:458.2,459.19 2 0
github.com/Rain-kl/Wavelet/internal/apps/admin/db_manage/routers.go:459.19,462.3 2 0
github.com/Rain-kl/Wavelet/internal/apps/admin/db_manage/routers.go:464.2,465.22 2 0
github.com/Rain-kl/Wavelet/internal/apps/admin/db_manage/routers.go:465.22,468.3 2 0
github.com/Rain-kl/Wavelet/internal/apps/admin/db_manage/routers.go:470.2,476.35 5 0
github.com/Rain-kl/Wavelet/internal/apps/admin/db_manage/routers.go:476.35,477.38 1 0
github.com/Rain-kl/Wavelet/internal/apps/admin/db_manage/routers.go:477.38,479.9 2 0
github.com/Rain-kl/Wavelet/internal/apps/admin/db_manage/routers.go:483.2,486.13 3 0
github.com/Rain-kl/Wavelet/internal/apps/admin/db_manage/routers.go:486.13,488.3 1 0
github.com/Rain-kl/Wavelet/internal/apps/admin/db_manage/routers.go:488.8,490.3 1 0
github.com/Rain-kl/Wavelet/internal/apps/admin/db_manage/routers.go:492.2,492.16 1 0
github.com/Rain-kl/Wavelet/internal/apps/admin/db_manage/routers.go:492.16,495.3 2 0
github.com/Rain-kl/Wavelet/internal/apps/admin/db_manage/routers.go:497.2,497.42 1 0
github.com/Rain-kl/Wavelet/docs/docs.go:8469.13,8471.2 1 0
github.com/Rain-kl/Wavelet/internal/apps/admin/cache/logics.go:12.71,14.2 1 0
github.com/Rain-kl/Wavelet/internal/apps/admin/cache/routers.go:35.37,38.2 2 0
github.com/Rain-kl/Wavelet/internal/apps/admin/cache/routers.go:54.40,56.47 2 0
github.com/Rain-kl/Wavelet/internal/apps/admin/cache/routers.go:56.47,59.3 2 0
github.com/Rain-kl/Wavelet/internal/apps/admin/cache/routers.go:61.2,63.121 2 0
github.com/Rain-kl/Wavelet/internal/apps/admin/cache/routers.go:63.121,66.3 2 0
github.com/Rain-kl/Wavelet/internal/apps/admin/cache/routers.go:68.2,68.123 1 0
github.com/Rain-kl/Wavelet/internal/apps/admin/cache/routers.go:68.123,71.3 2 0
github.com/Rain-kl/Wavelet/internal/apps/admin/cache/routers.go:73.2,73.120 1 0
github.com/Rain-kl/Wavelet/internal/apps/admin/cache/routers.go:73.120,76.3 2 0
github.com/Rain-kl/Wavelet/internal/apps/admin/cache/routers.go:78.2,80.41 2 0
github.com/Rain-kl/Wavelet/internal/apps/admin/cache/routers.go:94.33,95.59 1 0
github.com/Rain-kl/Wavelet/internal/apps/admin/cache/routers.go:95.59,98.3 2 0
github.com/Rain-kl/Wavelet/internal/apps/admin/cache/routers.go:99.2,99.41 1 0
github.com/Rain-kl/Wavelet/internal/apps/admin/middlewares.go:18.43,19.30 1 0
github.com/Rain-kl/Wavelet/internal/apps/admin/middlewares.go:19.30,27.83 4 0
github.com/Rain-kl/Wavelet/internal/apps/admin/middlewares.go:27.83,29.19 2 0
github.com/Rain-kl/Wavelet/internal/apps/admin/middlewares.go:29.19,32.5 2 0
github.com/Rain-kl/Wavelet/internal/apps/admin/middlewares.go:35.3,35.20 1 0
github.com/Rain-kl/Wavelet/internal/apps/admin/middlewares.go:35.20,38.4 2 0
github.com/Rain-kl/Wavelet/internal/apps/admin/middlewares.go:41.3,44.11 2 0
github.com/Rain-kl/Wavelet/internal/apps/admin/status/log_database.go:47.43,50.16 3 0
github.com/Rain-kl/Wavelet/internal/apps/admin/status/log_database.go:50.16,54.3 3 0
github.com/Rain-kl/Wavelet/internal/apps/admin/status/log_database.go:55.2,56.16 2 0
github.com/Rain-kl/Wavelet/internal/apps/admin/status/log_database.go:56.16,60.3 3 0
github.com/Rain-kl/Wavelet/internal/apps/admin/status/log_database.go:61.2,62.29 2 0
github.com/Rain-kl/Wavelet/internal/apps/admin/status/log_database.go:62.29,64.3 1 0
github.com/Rain-kl/Wavelet/internal/apps/admin/status/log_database.go:65.2,74.5 1 0
github.com/Rain-kl/Wavelet/internal/apps/admin/status/log_database.go:77.55,79.16 2 0
github.com/Rain-kl/Wavelet/internal/apps/admin/status/log_database.go:79.16,80.46 1 0
github.com/Rain-kl/Wavelet/internal/apps/admin/status/log_database.go:80.46,82.4 1 0
github.com/Rain-kl/Wavelet/internal/apps/admin/status/log_database.go:83.3,83.33 1 0
github.com/Rain-kl/Wavelet/internal/apps/admin/status/log_database.go:85.2,85.11 1 0
github.com/Rain-kl/Wavelet/internal/apps/admin/status/log_database.go:85.11,87.3 1 0
github.com/Rain-kl/Wavelet/internal/apps/admin/status/log_database.go:88.2,88.10 1 0
github.com/Rain-kl/Wavelet/internal/apps/admin/status/log_database.go:91.50,92.35 1 0
github.com/Rain-kl/Wavelet/internal/apps/admin/status/log_database.go:92.35,93.37 1 0
github.com/Rain-kl/Wavelet/internal/apps/admin/status/log_database.go:93.37,95.4 1 0
github.com/Rain-kl/Wavelet/internal/apps/admin/status/log_database.go:96.3,96.35 1 0
github.com/Rain-kl/Wavelet/internal/apps/admin/status/log_database.go:98.2,98.38 1 0
github.com/Rain-kl/Wavelet/internal/apps/admin/status/log_database.go:98.38,100.3 1 0
github.com/Rain-kl/Wavelet/internal/apps/admin/status/log_database.go:101.2,101.19 1 0
github.com/Rain-kl/Wavelet/internal/apps/admin/status/routers.go:73.39,75.18 2 0
github.com/Rain-kl/Wavelet/internal/apps/admin/status/routers.go:75.18,77.3 1 0
github.com/Rain-kl/Wavelet/internal/apps/admin/status/routers.go:78.2,79.46 2 0
github.com/Rain-kl/Wavelet/internal/apps/admin/status/routers.go:79.46,82.3 2 0
github.com/Rain-kl/Wavelet/internal/apps/admin/status/routers.go:83.2,85.13 3 0
github.com/Rain-kl/Wavelet/internal/apps/admin/status/routers.go:86.16,87.17 1 0
github.com/Rain-kl/Wavelet/internal/apps/admin/status/routers.go:88.16,89.17 1 0
github.com/Rain-kl/Wavelet/internal/apps/admin/status/routers.go:90.16,91.17 1 0
github.com/Rain-kl/Wavelet/internal/apps/admin/status/routers.go:92.10,93.17 1 0
github.com/Rain-kl/Wavelet/internal/apps/admin/status/routers.go:101.2,101.32 1 0
github.com/Rain-kl/Wavelet/internal/apps/admin/status/routers.go:101.32,102.30 1 0
github.com/Rain-kl/Wavelet/internal/apps/admin/status/routers.go:102.30,104.4 1 0
github.com/Rain-kl/Wavelet/internal/apps/admin/status/routers.go:105.3,105.47 1 0
github.com/Rain-kl/Wavelet/internal/apps/admin/status/routers.go:107.2,107.46 1 0
github.com/Rain-kl/Wavelet/internal/apps/admin/status/routers.go:111.45,118.14 6 0
github.com/Rain-kl/Wavelet/internal/apps/admin/status/routers.go:118.14,120.3 1 0
github.com/Rain-kl/Wavelet/internal/apps/admin/status/routers.go:121.2,121.15 1 0
github.com/Rain-kl/Wavelet/internal/apps/admin/status/routers.go:121.15,123.3 1 0
github.com/Rain-kl/Wavelet/internal/apps/admin/status/routers.go:124.2,124.17 1 0
github.com/Rain-kl/Wavelet/internal/apps/admin/status/routers.go:124.17,126.3 1 0
github.com/Rain-kl/Wavelet/internal/apps/admin/status/routers.go:127.2,127.30 1 0
github.com/Rain-kl/Wavelet/internal/apps/admin/status/routers.go:127.30,129.3 1 0
github.com/Rain-kl/Wavelet/internal/apps/admin/status/routers.go:130.2,130.12 1 0
github.com/Rain-kl/Wavelet/internal/apps/admin/status/routers.go:143.38,151.9 6 0
github.com/Rain-kl/Wavelet/internal/apps/admin/status/routers.go:152.49,153.73 1 0
github.com/Rain-kl/Wavelet/internal/apps/admin/status/routers.go:154.20,155.24 1 0
github.com/Rain-kl/Wavelet/internal/apps/admin/status/routers.go:156.10,157.21 1 0
github.com/Rain-kl/Wavelet/internal/apps/admin/status/routers.go:160.2,161.17 2 0
github.com/Rain-kl/Wavelet/internal/apps/admin/status/routers.go:161.17,163.3 1 0
github.com/Rain-kl/Wavelet/internal/apps/admin/status/routers.go:163.8,165.3 1 0
github.com/Rain-kl/Wavelet/internal/apps/admin/status/routers.go:167.2,198.41 2 0
github.com/Rain-kl/Wavelet/internal/apps/admin/status/routers.go:209.62,215.21 2 0
github.com/Rain-kl/Wavelet/internal/apps/admin/status/routers.go:215.21,217.3 1 0
github.com/Rain-kl/Wavelet/internal/apps/admin/status/routers.go:218.2,219.19 2 0
github.com/Rain-kl/Wavelet/internal/apps/admin/status/routers.go:219.19,221.3 1 0
github.com/Rain-kl/Wavelet/internal/apps/admin/status/routers.go:222.2,223.92 2 0
github.com/Rain-kl/Wavelet/internal/apps/admin/status/routers.go:223.92,225.3 1 0
github.com/Rain-kl/Wavelet/internal/apps/admin/status/routers.go:226.2,226.13 1 0
github.com/Rain-kl/Wavelet/internal/apps/admin/status/routers.go:230.64,237.19 3 0
github.com/Rain-kl/Wavelet/internal/apps/admin/status/routers.go:237.19,239.3 1 0
github.com/Rain-kl/Wavelet/internal/apps/admin/status/routers.go:240.2,241.85 2 0
github.com/Rain-kl/Wavelet/internal/apps/admin/status/routers.go:241.85,243.3 1 0
github.com/Rain-kl/Wavelet/internal/apps/admin/status/routers.go:244.2,244.13 1 0
github.com/Rain-kl/Wavelet/internal/apps/admin/status/routers.go:257.38,259.37 2 0
github.com/Rain-kl/Wavelet/internal/apps/admin/status/routers.go:259.37,261.3 1 0
github.com/Rain-kl/Wavelet/internal/apps/admin/status/routers.go:261.8,263.3 1 0
github.com/Rain-kl/Wavelet/internal/apps/admin/status/routers.go:264.2,264.42 1 0
github.com/Rain-kl/Wavelet/internal/apps/admin/status/routers.go:278.37,279.37 1 0
github.com/Rain-kl/Wavelet/internal/apps/admin/status/routers.go:279.37,281.3 1 0
github.com/Rain-kl/Wavelet/internal/apps/admin/status/routers.go:281.8,283.3 1 0
github.com/Rain-kl/Wavelet/internal/apps/admin/status/routers.go:287.35,289.16 2 0
github.com/Rain-kl/Wavelet/internal/apps/admin/status/routers.go:289.16,291.3 1 0
github.com/Rain-kl/Wavelet/internal/apps/admin/status/routers.go:293.2,294.16 2 0
github.com/Rain-kl/Wavelet/internal/apps/admin/status/routers.go:294.16,297.3 2 0
github.com/Rain-kl/Wavelet/internal/apps/admin/status/routers.go:298.2,298.15 1 0
github.com/Rain-kl/Wavelet/internal/apps/admin/status/routers.go:298.15,299.45 1 0
github.com/Rain-kl/Wavelet/internal/apps/admin/status/routers.go:299.45,301.4 1 0
github.com/Rain-kl/Wavelet/internal/apps/admin/status/routers.go:304.2,305.16 2 0
github.com/Rain-kl/Wavelet/internal/apps/admin/status/routers.go:305.16,308.3 2 0
github.com/Rain-kl/Wavelet/internal/apps/admin/status/routers.go:310.2,314.71 5 0
github.com/Rain-kl/Wavelet/internal/apps/admin/status/routers.go:318.37,323.16 3 0
github.com/Rain-kl/Wavelet/internal/apps/admin/status/routers.go:323.16,326.3 2 0
github.com/Rain-kl/Wavelet/internal/apps/admin/status/routers.go:328.2,337.26 3 0
github.com/Rain-kl/Wavelet/internal/apps/admin/status/routers.go:337.26,339.3 1 0
github.com/Rain-kl/Wavelet/internal/apps/admin/status/routers.go:339.8,341.3 1 0
github.com/Rain-kl/Wavelet/internal/apps/admin/status/routers.go:343.2,351.34 7 0
github.com/Rain-kl/Wavelet/internal/apps/admin/status/routers.go:351.34,354.3 1 0
github.com/Rain-kl/Wavelet/core/extpoints/migration.go:31.48,35.2 1 2
github.com/Rain-kl/Wavelet/core/extpoints/migration.go:39.82,44.34 4 3
github.com/Rain-kl/Wavelet/core/extpoints/migration.go:44.34,46.3 1 1
github.com/Rain-kl/Wavelet/core/extpoints/migration.go:48.2,55.45 2 3
github.com/Rain-kl/Wavelet/core/extpoints/migration.go:55.45,56.31 1 1
github.com/Rain-kl/Wavelet/core/extpoints/migration.go:56.31,57.30 1 1
github.com/Rain-kl/Wavelet/core/extpoints/migration.go:57.30,59.10 2 1
github.com/Rain-kl/Wavelet/core/extpoints/migration.go:62.8,64.3 1 2
github.com/Rain-kl/Wavelet/core/extpoints/migration.go:66.2,66.28 1 3
github.com/Rain-kl/Wavelet/core/extpoints/migration.go:70.56,76.2 5 1
github.com/Rain-kl/Wavelet/core/extpoints/migration.go:79.73,84.2 4 2
github.com/Rain-kl/Wavelet/core/extpoints/router.go:41.42,43.2 1 2
github.com/Rain-kl/Wavelet/core/extpoints/router.go:46.50,50.2 3 1
github.com/Rain-kl/Wavelet/core/extpoints/router.go:53.46,59.2 5 1
github.com/Rain-kl/Wavelet/core/extpoints/router.go:62.83,68.2 1 1
github.com/Rain-kl/Wavelet/core/extpoints/router.go:71.87,83.2 5 15
github.com/Rain-kl/Wavelet/core/extpoints/router.go:86.76,88.2 1 2
github.com/Rain-kl/Wavelet/core/extpoints/router.go:91.77,93.2 1 1
github.com/Rain-kl/Wavelet/core/extpoints/router.go:96.76,98.2 1 1
github.com/Rain-kl/Wavelet/core/extpoints/router.go:101.79,103.2 1 1
github.com/Rain-kl/Wavelet/core/extpoints/router.go:106.78,108.2 1 1
github.com/Rain-kl/Wavelet/core/extpoints/router.go:111.77,113.2 1 1
github.com/Rain-kl/Wavelet/core/extpoints/router.go:116.80,118.2 1 1
github.com/Rain-kl/Wavelet/core/extpoints/router.go:121.78,124.28 3 1
github.com/Rain-kl/Wavelet/core/extpoints/router.go:124.28,126.3 1 7
github.com/Rain-kl/Wavelet/core/extpoints/router.go:127.2,127.13 1 1
github.com/Rain-kl/Wavelet/core/extpoints/router.go:131.53,137.2 5 4
github.com/Rain-kl/Wavelet/core/extpoints/router.go:147.47,149.2 1 1
github.com/Rain-kl/Wavelet/core/extpoints/router.go:152.80,163.2 5 1
github.com/Rain-kl/Wavelet/core/extpoints/router.go:166.84,184.2 9 16
github.com/Rain-kl/Wavelet/core/extpoints/router.go:187.73,189.2 1 2
github.com/Rain-kl/Wavelet/core/extpoints/router.go:192.74,194.2 1 1
github.com/Rain-kl/Wavelet/core/extpoints/router.go:197.73,199.2 1 1
github.com/Rain-kl/Wavelet/core/extpoints/router.go:202.76,204.2 1 1
github.com/Rain-kl/Wavelet/core/extpoints/router.go:207.75,209.2 1 1
github.com/Rain-kl/Wavelet/core/extpoints/router.go:212.74,214.2 1 1
github.com/Rain-kl/Wavelet/core/extpoints/router.go:217.77,219.2 1 1
github.com/Rain-kl/Wavelet/core/extpoints/router.go:222.75,225.28 3 1
github.com/Rain-kl/Wavelet/core/extpoints/router.go:225.28,227.3 1 7
github.com/Rain-kl/Wavelet/core/extpoints/router.go:228.2,228.13 1 1
github.com/Rain-kl/Wavelet/core/extpoints/router.go:232.50,234.2 1 1
github.com/Rain-kl/Wavelet/core/extpoints/router.go:237.43,241.2 3 1
github.com/Rain-kl/Wavelet/core/extpoints/router.go:243.33,244.13 1 33
github.com/Rain-kl/Wavelet/core/extpoints/router.go:244.13,246.3 1 0
github.com/Rain-kl/Wavelet/core/extpoints/router.go:247.2,247.32 1 33
github.com/Rain-kl/Wavelet/core/extpoints/router.go:247.32,249.3 1 0
github.com/Rain-kl/Wavelet/core/extpoints/router.go:250.2,250.45 1 33
github.com/Rain-kl/Wavelet/core/extpoints/router.go:250.45,252.3 1 0
github.com/Rain-kl/Wavelet/core/extpoints/router.go:253.2,253.10 1 33
github.com/Rain-kl/Wavelet/core/extpoints/router.go:256.46,257.31 1 17
github.com/Rain-kl/Wavelet/core/extpoints/router.go:257.31,259.3 1 0
github.com/Rain-kl/Wavelet/core/extpoints/router.go:260.2,260.39 1 17
github.com/Rain-kl/Wavelet/core/extpoints/router.go:260.39,262.3 1 0
github.com/Rain-kl/Wavelet/core/extpoints/router.go:263.2,265.41 3 17
github.com/Rain-kl/Wavelet/core/extpoints/schedule.go:17.61,18.38 1 1
github.com/Rain-kl/Wavelet/core/extpoints/schedule.go:18.38,19.24 1 1
github.com/Rain-kl/Wavelet/core/extpoints/schedule.go:19.24,21.4 1 0
github.com/Rain-kl/Wavelet/core/extpoints/schedule.go:22.3,22.24 1 1
github.com/Rain-kl/Wavelet/core/extpoints/schedule.go:42.46,46.2 1 2
github.com/Rain-kl/Wavelet/core/extpoints/schedule.go:49.104,60.27 4 4
github.com/Rain-kl/Wavelet/core/extpoints/schedule.go:60.27,61.17 1 2
github.com/Rain-kl/Wavelet/core/extpoints/schedule.go:61.17,63.4 1 1
github.com/Rain-kl/Wavelet/core/extpoints/schedule.go:66.2,66.45 1 4
github.com/Rain-kl/Wavelet/core/extpoints/schedule.go:66.45,67.36 1 1
github.com/Rain-kl/Wavelet/core/extpoints/schedule.go:67.36,68.33 1 1
github.com/Rain-kl/Wavelet/core/extpoints/schedule.go:68.33,70.10 2 1
github.com/Rain-kl/Wavelet/core/extpoints/schedule.go:73.8,75.3 1 3
github.com/Rain-kl/Wavelet/core/extpoints/schedule.go:77.2,77.25 1 4
github.com/Rain-kl/Wavelet/core/extpoints/schedule.go:81.108,83.2 1 3
github.com/Rain-kl/Wavelet/core/extpoints/schedule.go:86.61,92.2 5 2
github.com/Rain-kl/Wavelet/core/extpoints/schedule.go:95.76,100.2 4 2
github.com/Rain-kl/Wavelet/core/extpoints/setting.go:32.44,36.2 1 2
github.com/Rain-kl/Wavelet/core/extpoints/setting.go:40.58,41.22 1 5
github.com/Rain-kl/Wavelet/core/extpoints/setting.go:41.22,42.62 1 1
github.com/Rain-kl/Wavelet/core/extpoints/setting.go:45.2,48.47 3 4
github.com/Rain-kl/Wavelet/core/extpoints/setting.go:48.47,49.34 1 1
github.com/Rain-kl/Wavelet/core/extpoints/setting.go:49.34,50.30 1 1
github.com/Rain-kl/Wavelet/core/extpoints/setting.go:50.30,52.10 2 1
github.com/Rain-kl/Wavelet/core/extpoints/setting.go:55.8,57.3 1 3
github.com/Rain-kl/Wavelet/core/extpoints/setting.go:59.2,59.31 1 4
github.com/Rain-kl/Wavelet/core/extpoints/setting.go:63.53,69.2 5 2
github.com/Rain-kl/Wavelet/core/extpoints/setting.go:72.65,77.2 4 2
github.com/Rain-kl/Wavelet/core/extpoints/task.go:22.54,23.34 1 2
github.com/Rain-kl/Wavelet/core/extpoints/task.go:23.34,25.3 1 2
github.com/Rain-kl/Wavelet/core/extpoints/task.go:29.42,30.34 1 1
github.com/Rain-kl/Wavelet/core/extpoints/task.go:30.34,32.3 1 1
github.com/Rain-kl/Wavelet/core/extpoints/task.go:36.56,37.34 1 1
github.com/Rain-kl/Wavelet/core/extpoints/task.go:37.34,39.3 1 1
github.com/Rain-kl/Wavelet/core/extpoints/task.go:43.55,44.34 1 2
github.com/Rain-kl/Wavelet/core/extpoints/task.go:44.34,45.25 1 2
github.com/Rain-kl/Wavelet/core/extpoints/task.go:45.25,47.4 1 0
github.com/Rain-kl/Wavelet/core/extpoints/task.go:48.3,48.25 1 2
github.com/Rain-kl/Wavelet/core/extpoints/task.go:67.38,71.2 1 2
github.com/Rain-kl/Wavelet/core/extpoints/task.go:74.82,84.27 4 3
github.com/Rain-kl/Wavelet/core/extpoints/task.go:84.27,85.17 1 7
github.com/Rain-kl/Wavelet/core/extpoints/task.go:85.17,87.4 1 6
github.com/Rain-kl/Wavelet/core/extpoints/task.go:90.2,90.44 1 3
github.com/Rain-kl/Wavelet/core/extpoints/task.go:90.44,91.32 1 1
github.com/Rain-kl/Wavelet/core/extpoints/task.go:91.32,92.31 1 1
github.com/Rain-kl/Wavelet/core/extpoints/task.go:92.31,94.10 2 1
github.com/Rain-kl/Wavelet/core/extpoints/task.go:97.8,99.3 1 2
github.com/Rain-kl/Wavelet/core/extpoints/task.go:101.2,101.24 1 3
github.com/Rain-kl/Wavelet/core/extpoints/task.go:105.49,111.2 5 2
github.com/Rain-kl/Wavelet/core/extpoints/task.go:114.67,119.2 4 2
github.com/Rain-kl/Wavelet/core/app.go:23.42,24.22 1 8
github.com/Rain-kl/Wavelet/core/app.go:24.22,25.17 1 8
github.com/Rain-kl/Wavelet/core/app.go:25.17,27.4 1 8
github.com/Rain-kl/Wavelet/core/app.go:32.45,33.22 1 12
github.com/Rain-kl/Wavelet/core/app.go:33.22,35.3 1 12
github.com/Rain-kl/Wavelet/core/app.go:39.47,40.22 1 14
github.com/Rain-kl/Wavelet/core/app.go:40.22,42.3 1 14
github.com/Rain-kl/Wavelet/core/app.go:46.60,47.22 1 0
github.com/Rain-kl/Wavelet/core/app.go:47.22,49.3 1 0
github.com/Rain-kl/Wavelet/core/app.go:53.60,54.22 1 2
github.com/Rain-kl/Wavelet/core/app.go:54.22,56.3 1 2
github.com/Rain-kl/Wavelet/core/app.go:60.59,61.22 1 2
github.com/Rain-kl/Wavelet/core/app.go:61.22,62.18 1 2
github.com/Rain-kl/Wavelet/core/app.go:62.18,64.4 1 2
github.com/Rain-kl/Wavelet/core/app.go:85.37,93.27 2 22
github.com/Rain-kl/Wavelet/core/app.go:93.27,94.17 1 38
github.com/Rain-kl/Wavelet/core/app.go:94.17,96.4 1 38
github.com/Rain-kl/Wavelet/core/app.go:99.2,99.12 1 22
github.com/Rain-kl/Wavelet/core/app.go:103.34,105.2 1 5
github.com/Rain-kl/Wavelet/core/app.go:108.33,112.2 3 9
github.com/Rain-kl/Wavelet/core/app.go:115.49,120.2 4 8
github.com/Rain-kl/Wavelet/core/app.go:123.48,125.2 1 1
github.com/Rain-kl/Wavelet/core/app.go:129.43,133.28 3 15
github.com/Rain-kl/Wavelet/core/app.go:133.28,134.15 1 17
github.com/Rain-kl/Wavelet/core/app.go:134.15,135.12 1 1
github.com/Rain-kl/Wavelet/core/app.go:137.3,138.17 2 16
github.com/Rain-kl/Wavelet/core/app.go:138.17,139.12 1 0
github.com/Rain-kl/Wavelet/core/app.go:142.3,142.45 1 16
github.com/Rain-kl/Wavelet/core/app.go:142.45,143.39 1 1
github.com/Rain-kl/Wavelet/core/app.go:143.39,144.32 1 1
github.com/Rain-kl/Wavelet/core/app.go:144.32,146.11 2 1
github.com/Rain-kl/Wavelet/core/app.go:149.9,151.4 1 15
github.com/Rain-kl/Wavelet/core/app.go:152.3,152.24 1 16
github.com/Rain-kl/Wavelet/core/app.go:155.2,155.10 1 15
github.com/Rain-kl/Wavelet/core/app.go:159.34,166.2 5 2
github.com/Rain-kl/Wavelet/core/app.go:169.50,175.2 4 3
github.com/Rain-kl/Wavelet/core/app.go:178.63,183.2 4 0
github.com/Rain-kl/Wavelet/core/app.go:186.63,188.2 1 0
github.com/Rain-kl/Wavelet/core/app.go:192.36,194.15 2 21
github.com/Rain-kl/Wavelet/core/app.go:194.15,197.3 2 0
github.com/Rain-kl/Wavelet/core/app.go:198.2,203.28 5 21
github.com/Rain-kl/Wavelet/core/app.go:203.28,204.40 1 13
github.com/Rain-kl/Wavelet/core/app.go:204.40,206.4 1 1
github.com/Rain-kl/Wavelet/core/app.go:208.2,208.12 1 20
github.com/Rain-kl/Wavelet/core/app.go:212.56,214.23 2 20
github.com/Rain-kl/Wavelet/core/app.go:214.23,216.3 1 17
github.com/Rain-kl/Wavelet/core/app.go:218.2,222.19 4 3
github.com/Rain-kl/Wavelet/core/app.go:222.19,224.85 1 1
github.com/Rain-kl/Wavelet/core/app.go:224.85,226.4 1 1
github.com/Rain-kl/Wavelet/core/app.go:229.2,229.19 1 3
github.com/Rain-kl/Wavelet/core/app.go:229.19,231.3 1 0
github.com/Rain-kl/Wavelet/core/app.go:233.2,233.53 1 3
github.com/Rain-kl/Wavelet/core/app.go:233.53,235.3 1 1
github.com/Rain-kl/Wavelet/core/app.go:237.2,237.12 1 2
github.com/Rain-kl/Wavelet/core/app.go:247.51,249.15 2 22
github.com/Rain-kl/Wavelet/core/app.go:249.15,252.3 2 1
github.com/Rain-kl/Wavelet/core/app.go:253.2,257.9 4 21
github.com/Rain-kl/Wavelet/core/app.go:258.37,259.19 1 21
github.com/Rain-kl/Wavelet/core/app.go:260.20,261.30 1 0
github.com/Rain-kl/Wavelet/core/app.go:262.10,263.33 1 0
github.com/Rain-kl/Wavelet/core/app.go:267.2,267.41 1 21
github.com/Rain-kl/Wavelet/core/app.go:267.41,272.3 4 1
github.com/Rain-kl/Wavelet/core/app.go:275.2,275.49 1 20
github.com/Rain-kl/Wavelet/core/app.go:275.49,280.3 4 1
github.com/Rain-kl/Wavelet/core/app.go:283.2,289.31 6 19
github.com/Rain-kl/Wavelet/core/app.go:289.31,290.37 1 30
github.com/Rain-kl/Wavelet/core/app.go:290.37,292.4 1 15
github.com/Rain-kl/Wavelet/core/app.go:296.2,296.35 1 19
github.com/Rain-kl/Wavelet/core/app.go:296.35,297.42 1 14
github.com/Rain-kl/Wavelet/core/app.go:297.42,305.43 6 1
github.com/Rain-kl/Wavelet/core/app.go:305.43,307.5 1 1
github.com/Rain-kl/Wavelet/core/app.go:309.4,309.72 1 1
github.com/Rain-kl/Wavelet/core/app.go:312.3,314.16 3 13
github.com/Rain-kl/Wavelet/core/app.go:318.2,320.12 2 18
github.com/Rain-kl/Wavelet/core/app.go:330.50,332.16 2 19
github.com/Rain-kl/Wavelet/core/app.go:332.16,335.3 2 1
github.com/Rain-kl/Wavelet/core/app.go:336.2,343.35 7 18
github.com/Rain-kl/Wavelet/core/app.go:343.35,345.3 1 18
github.com/Rain-kl/Wavelet/core/app.go:345.8,349.3 3 0
github.com/Rain-kl/Wavelet/core/app.go:351.2,356.41 3 18
github.com/Rain-kl/Wavelet/core/app.go:356.41,358.45 2 12
github.com/Rain-kl/Wavelet/core/app.go:358.45,360.4 1 0
github.com/Rain-kl/Wavelet/core/app.go:364.2,364.41 1 18
github.com/Rain-kl/Wavelet/core/app.go:364.41,365.41 1 18
github.com/Rain-kl/Wavelet/core/app.go:365.41,367.4 1 0
github.com/Rain-kl/Wavelet/core/app.go:370.2,372.29 2 18
github.com/Rain-kl/Wavelet/core/app.go:379.49,381.9 2 8
github.com/Rain-kl/Wavelet/core/app.go:382.37,383.18 1 8
github.com/Rain-kl/Wavelet/core/app.go:384.20,385.29 1 0
github.com/Rain-kl/Wavelet/core/app.go:386.10,387.32 1 0
github.com/Rain-kl/Wavelet/core/app.go:390.2,393.40 3 8
github.com/Rain-kl/Wavelet/core/app.go:393.40,395.3 1 0
github.com/Rain-kl/Wavelet/core/app.go:398.2,403.28 4 8
github.com/Rain-kl/Wavelet/core/app.go:407.32,411.2 3 7
github.com/Rain-kl/Wavelet/core/app.go:414.41,421.2 5 2
github.com/Rain-kl/Wavelet/core/app.go:424.48,426.18 2 7
github.com/Rain-kl/Wavelet/core/app.go:426.18,428.3 1 7
github.com/Rain-kl/Wavelet/core/app.go:428.8,430.3 1 0
github.com/Rain-kl/Wavelet/core/app.go:431.2,431.46 1 7
github.com/Rain-kl/Wavelet/core/app.go:437.80,439.23 2 7
github.com/Rain-kl/Wavelet/core/app.go:439.23,441.3 1 0
github.com/Rain-kl/Wavelet/core/app.go:443.2,444.22 2 7
github.com/Rain-kl/Wavelet/core/app.go:444.22,446.10 2 7
github.com/Rain-kl/Wavelet/core/app.go:447.47,448.62 1 1
github.com/Rain-kl/Wavelet/core/app.go:449.40,450.55 1 1
github.com/Rain-kl/Wavelet/core/app.go:451.39,452.28 1 5
github.com/Rain-kl/Wavelet/core/app.go:456.2,457.19 2 7
github.com/Rain-kl/Wavelet/core/app.go:460.58,462.14 2 30
github.com/Rain-kl/Wavelet/core/app.go:463.22,464.14 1 9
github.com/Rain-kl/Wavelet/core/app.go:465.18,466.30 1 5
github.com/Rain-kl/Wavelet/core/app.go:467.21,468.32 1 4
github.com/Rain-kl/Wavelet/core/app.go:469.23,470.35 1 8
github.com/Rain-kl/Wavelet/core/app.go:471.10,472.36 1 4
github.com/Rain-kl/Wavelet/core/app.go:476.42,477.55 1 50
github.com/Rain-kl/Wavelet/core/app.go:478.21,479.20 1 10
github.com/Rain-kl/Wavelet/core/app.go:480.16,481.23 1 8
github.com/Rain-kl/Wavelet/core/app.go:482.39,483.25 1 12
github.com/Rain-kl/Wavelet/core/app.go:484.34,485.20 1 15
github.com/Rain-kl/Wavelet/core/app.go:486.10,487.11 1 5
github.com/Rain-kl/Wavelet/core/container.go:19.49,25.2 1 96
github.com/Rain-kl/Wavelet/core/container.go:27.24,28.14 1 14
github.com/Rain-kl/Wavelet/core/container.go:28.14,30.3 1 1
github.com/Rain-kl/Wavelet/core/container.go:31.2,32.18 2 13
github.com/Rain-kl/Wavelet/core/container.go:33.121,34.19 1 13
github.com/Rain-kl/Wavelet/core/container.go:35.10,36.15 1 0
github.com/Rain-kl/Wavelet/core/container.go:41.46,42.16 1 15
github.com/Rain-kl/Wavelet/core/container.go:42.16,43.49 1 1
github.com/Rain-kl/Wavelet/core/container.go:45.2,45.20 1 14
github.com/Rain-kl/Wavelet/core/container.go:45.20,46.44 1 2
github.com/Rain-kl/Wavelet/core/container.go:49.2,50.46 2 12
github.com/Rain-kl/Wavelet/core/container.go:53.67,60.38 5 12
github.com/Rain-kl/Wavelet/core/container.go:60.38,61.94 1 1
github.com/Rain-kl/Wavelet/core/container.go:61.94,63.4 1 1
github.com/Rain-kl/Wavelet/core/container.go:65.2,67.31 2 12
github.com/Rain-kl/Wavelet/core/container.go:67.31,69.3 1 1
github.com/Rain-kl/Wavelet/core/container.go:73.45,75.16 2 130
github.com/Rain-kl/Wavelet/core/container.go:75.16,77.3 1 1
github.com/Rain-kl/Wavelet/core/container.go:79.2,81.16 3 129
github.com/Rain-kl/Wavelet/core/container.go:81.16,83.3 1 10
github.com/Rain-kl/Wavelet/core/container.go:85.2,86.9 2 119
github.com/Rain-kl/Wavelet/core/container.go:86.9,88.3 1 0
github.com/Rain-kl/Wavelet/core/container.go:89.2,89.22 1 119
github.com/Rain-kl/Wavelet/core/container.go:92.67,95.43 2 130
github.com/Rain-kl/Wavelet/core/container.go:95.43,98.3 2 119
github.com/Rain-kl/Wavelet/core/container.go:101.2,101.44 1 11
github.com/Rain-kl/Wavelet/core/container.go:101.44,102.34 1 11
github.com/Rain-kl/Wavelet/core/container.go:102.34,103.50 1 4
github.com/Rain-kl/Wavelet/core/container.go:103.50,106.5 2 0
github.com/Rain-kl/Wavelet/core/container.go:109.2,112.21 2 11
github.com/Rain-kl/Wavelet/core/container.go:112.21,114.3 1 1
github.com/Rain-kl/Wavelet/core/container.go:116.2,116.66 1 10
github.com/Rain-kl/Wavelet/core/container.go:120.40,122.16 2 2
github.com/Rain-kl/Wavelet/core/container.go:122.16,123.89 1 1
github.com/Rain-kl/Wavelet/core/container.go:125.2,125.10 1 1
github.com/Rain-kl/Wavelet/core/container.go:129.36,132.2 2 4
github.com/Rain-kl/Wavelet/core/container.go:135.56,137.16 2 52
github.com/Rain-kl/Wavelet/core/container.go:137.16,139.3 1 1
github.com/Rain-kl/Wavelet/core/container.go:140.2,141.12 2 51
github.com/Rain-kl/Wavelet/core/container.go:145.68,148.32 3 3
github.com/Rain-kl/Wavelet/core/container.go:148.32,150.3 1 2
github.com/Rain-kl/Wavelet/core/container.go:151.2,152.12 2 1
github.com/Rain-kl/Wavelet/core/container.go:156.79,160.47 4 2
github.com/Rain-kl/Wavelet/core/container.go:160.47,162.3 1 1
github.com/Rain-kl/Wavelet/core/container.go:163.2,164.12 2 1
github.com/Rain-kl/Wavelet/core/container.go:169.46,170.16 1 3
github.com/Rain-kl/Wavelet/core/container.go:170.16,171.46 1 1
github.com/Rain-kl/Wavelet/core/container.go:174.2,178.42 3 2
github.com/Rain-kl/Wavelet/core/container.go:178.42,180.3 1 1
github.com/Rain-kl/Wavelet/core/container.go:183.2,185.74 3 2
github.com/Rain-kl/Wavelet/core/container.go:185.74,186.31 1 1
github.com/Rain-kl/Wavelet/core/container.go:186.31,188.4 1 1
github.com/Rain-kl/Wavelet/core/context.go:41.48,42.17 1 42
github.com/Rain-kl/Wavelet/core/context.go:42.17,44.3 1 2
github.com/Rain-kl/Wavelet/core/context.go:45.2,58.3 2 42
github.com/Rain-kl/Wavelet/core/context.go:62.60,64.2 1 1
github.com/Rain-kl/Wavelet/core/context.go:67.42,69.2 1 2
github.com/Rain-kl/Wavelet/core/context.go:72.31,74.2 1 1
github.com/Rain-kl/Wavelet/core/context.go:78.38,80.32 2 4
github.com/Rain-kl/Wavelet/core/context.go:80.32,83.3 2 1
github.com/Rain-kl/Wavelet/core/context.go:84.2,86.39 2 3
github.com/Rain-kl/Wavelet/core/context.go:86.39,88.3 1 0
github.com/Rain-kl/Wavelet/core/context.go:90.2,90.21 1 3
github.com/Rain-kl/Wavelet/core/context.go:90.21,92.3 1 2
github.com/Rain-kl/Wavelet/core/context.go:94.2,94.12 1 1
github.com/Rain-kl/Wavelet/core/context.go:98.47,100.2 1 8
github.com/Rain-kl/Wavelet/core/context.go:103.41,106.21 3 101
github.com/Rain-kl/Wavelet/core/context.go:106.21,108.3 1 0
github.com/Rain-kl/Wavelet/core/context.go:109.2,109.21 1 101
github.com/Rain-kl/Wavelet/core/context.go:113.44,116.21 3 50
github.com/Rain-kl/Wavelet/core/context.go:116.21,118.3 1 0
github.com/Rain-kl/Wavelet/core/context.go:119.2,120.14 2 50
github.com/Rain-kl/Wavelet/core/context.go:124.42,126.2 1 143
github.com/Rain-kl/Wavelet/core/context.go:129.37,131.2 1 1
github.com/Rain-kl/Wavelet/core/context.go:135.35,137.2 1 53
github.com/Rain-kl/Wavelet/core/context.go:142.66,143.17 1 54
github.com/Rain-kl/Wavelet/core/context.go:143.17,145.3 1 1
github.com/Rain-kl/Wavelet/core/context.go:146.2,166.14 6 54
github.com/Rain-kl/Wavelet/core/context.go:170.38,172.2 1 114
github.com/Rain-kl/Wavelet/core/context.go:175.54,177.2 1 57
github.com/Rain-kl/Wavelet/core/context.go:180.61,182.2 1 80
github.com/Rain-kl/Wavelet/core/context.go:185.51,187.2 1 57
github.com/Rain-kl/Wavelet/core/context.go:190.50,192.2 1 3
github.com/Rain-kl/Wavelet/core/context.go:195.59,197.2 1 57
github.com/Rain-kl/Wavelet/core/context.go:200.58,202.2 1 3
github.com/Rain-kl/Wavelet/core/context.go:205.57,207.2 1 57
github.com/Rain-kl/Wavelet/core/context.go:210.56,212.2 1 3
github.com/Rain-kl/Wavelet/core/context.go:216.37,217.15 1 8
github.com/Rain-kl/Wavelet/core/context.go:217.15,219.3 1 1
github.com/Rain-kl/Wavelet/core/context.go:221.2,222.24 2 7
github.com/Rain-kl/Wavelet/core/context.go:223.16,224.8 1 1
github.com/Rain-kl/Wavelet/core/context.go:225.20,226.8 1 3
github.com/Rain-kl/Wavelet/core/context.go:227.14,228.20 1 2
github.com/Rain-kl/Wavelet/core/context.go:228.20,231.4 2 2
github.com/Rain-kl/Wavelet/core/context.go:232.10,233.83 1 1
github.com/Rain-kl/Wavelet/core/context.go:236.2,238.38 3 6
github.com/Rain-kl/Wavelet/core/context.go:242.35,244.16 2 21
github.com/Rain-kl/Wavelet/core/context.go:244.16,247.3 2 1
github.com/Rain-kl/Wavelet/core/context.go:248.2,261.42 8 20
github.com/Rain-kl/Wavelet/core/context.go:261.42,262.47 1 1
github.com/Rain-kl/Wavelet/core/context.go:262.47,264.4 1 1
github.com/Rain-kl/Wavelet/core/context.go:268.2,268.43 1 20
github.com/Rain-kl/Wavelet/core/context.go:268.43,269.40 1 6
github.com/Rain-kl/Wavelet/core/context.go:269.40,271.4 1 1
github.com/Rain-kl/Wavelet/core/context.go:275.2,275.21 1 20
github.com/Rain-kl/Wavelet/core/context.go:275.21,277.3 1 20
github.com/Rain-kl/Wavelet/core/context.go:280.2,280.21 1 20
github.com/Rain-kl/Wavelet/core/context.go:280.21,282.3 1 1
github.com/Rain-kl/Wavelet/core/context.go:284.2,284.29 1 20
github.com/Rain-kl/Wavelet/core/context.go:287.48,290.35 3 1
github.com/Rain-kl/Wavelet/core/context.go:290.35,291.22 1 1
github.com/Rain-kl/Wavelet/core/context.go:291.22,293.9 2 1
github.com/Rain-kl/Wavelet/core/context.go:299.37,303.2 3 23
github.com/Rain-kl/Wavelet/core/context.go:306.50,307.14 1 33
github.com/Rain-kl/Wavelet/core/context.go:307.14,309.3 1 1
github.com/Rain-kl/Wavelet/core/context.go:311.2,314.12 4 32
github.com/Rain-kl/Wavelet/core/context.go:318.38,325.2 5 20
github.com/Rain-kl/Wavelet/core/context.go:328.64,332.30 3 3
github.com/Rain-kl/Wavelet/core/context.go:332.30,333.29 1 5
github.com/Rain-kl/Wavelet/core/context.go:333.29,335.4 1 2
github.com/Rain-kl/Wavelet/core/context.go:337.2,337.19 1 1
github.com/Rain-kl/Wavelet/core/events.go:35.30,39.2 1 50
github.com/Rain-kl/Wavelet/core/events.go:54.59,55.20 1 78
github.com/Rain-kl/Wavelet/core/events.go:55.20,56.46 1 1
github.com/Rain-kl/Wavelet/core/events.go:59.2,62.35 3 77
github.com/Rain-kl/Wavelet/core/events.go:62.35,63.74 1 1
github.com/Rain-kl/Wavelet/core/events.go:66.2,67.30 2 76
github.com/Rain-kl/Wavelet/core/events.go:67.30,68.104 1 1
github.com/Rain-kl/Wavelet/core/events.go:71.2,72.16 2 75
github.com/Rain-kl/Wavelet/core/events.go:72.16,73.103 1 1
github.com/Rain-kl/Wavelet/core/events.go:76.2,77.17 2 74
github.com/Rain-kl/Wavelet/core/events.go:77.17,79.44 2 62
github.com/Rain-kl/Wavelet/core/events.go:79.44,80.89 1 1
github.com/Rain-kl/Wavelet/core/events.go:82.3,82.20 1 61
github.com/Rain-kl/Wavelet/core/events.go:85.2,92.15 2 73
github.com/Rain-kl/Wavelet/core/events.go:93.9,93.9 0 10
github.com/Rain-kl/Wavelet/core/events.go:95.9,97.39 2 5
github.com/Rain-kl/Wavelet/core/events.go:97.39,99.4 1 2
github.com/Rain-kl/Wavelet/core/events.go:99.9,102.4 2 3
github.com/Rain-kl/Wavelet/core/events.go:103.9,105.40 2 58
github.com/Rain-kl/Wavelet/core/events.go:105.40,106.98 1 1
github.com/Rain-kl/Wavelet/core/events.go:108.3,110.34 3 57
github.com/Rain-kl/Wavelet/core/events.go:113.2,120.22 6 72
github.com/Rain-kl/Wavelet/core/events.go:120.22,121.26 1 29
github.com/Rain-kl/Wavelet/core/events.go:121.26,123.4 1 1
github.com/Rain-kl/Wavelet/core/events.go:125.3,129.26 4 28
github.com/Rain-kl/Wavelet/core/events.go:129.26,130.26 1 94
github.com/Rain-kl/Wavelet/core/events.go:130.26,132.10 2 28
github.com/Rain-kl/Wavelet/core/events.go:136.3,136.34 1 28
github.com/Rain-kl/Wavelet/core/events.go:136.34,138.4 1 4
github.com/Rain-kl/Wavelet/core/events.go:140.3,140.13 1 28
github.com/Rain-kl/Wavelet/core/events.go:145.111,146.16 1 2
github.com/Rain-kl/Wavelet/core/events.go:146.16,147.59 1 1
github.com/Rain-kl/Wavelet/core/events.go:149.2,149.31 1 1
github.com/Rain-kl/Wavelet/core/events.go:157.79,158.16 1 164
github.com/Rain-kl/Wavelet/core/events.go:158.16,160.3 1 1
github.com/Rain-kl/Wavelet/core/events.go:162.2,164.28 3 164
github.com/Rain-kl/Wavelet/core/events.go:164.28,167.3 2 72
github.com/Rain-kl/Wavelet/core/events.go:169.2,174.20 5 92
github.com/Rain-kl/Wavelet/core/events.go:174.20,176.3 1 91
github.com/Rain-kl/Wavelet/core/events.go:178.2,179.30 2 92
github.com/Rain-kl/Wavelet/core/events.go:179.30,182.32 2 242
github.com/Rain-kl/Wavelet/core/events.go:182.32,183.17 1 242
github.com/Rain-kl/Wavelet/core/events.go:183.17,184.33 1 242
github.com/Rain-kl/Wavelet/core/events.go:184.33,186.6 1 1
github.com/Rain-kl/Wavelet/core/events.go:189.4,190.63 2 242
github.com/Rain-kl/Wavelet/core/events.go:190.63,192.5 1 2
github.com/Rain-kl/Wavelet/core/events.go:193.4,193.17 1 241
github.com/Rain-kl/Wavelet/core/events.go:196.3,196.17 1 242
github.com/Rain-kl/Wavelet/core/events.go:196.17,198.4 1 3
github.com/Rain-kl/Wavelet/core/events.go:201.2,201.29 1 92
github.com/Rain-kl/Wavelet/core/events.go:204.110,205.18 1 242
github.com/Rain-kl/Wavelet/core/events.go:205.18,207.3 1 8
github.com/Rain-kl/Wavelet/core/events.go:209.2,210.14 2 234
github.com/Rain-kl/Wavelet/core/events.go:210.14,212.3 1 231
github.com/Rain-kl/Wavelet/core/events.go:214.2,214.18 1 234
github.com/Rain-kl/Wavelet/core/events.go:214.18,217.3 2 232
github.com/Rain-kl/Wavelet/core/events.go:219.2,219.13 1 234
github.com/Rain-kl/Wavelet/core/events.go:222.100,223.27 1 232
github.com/Rain-kl/Wavelet/core/events.go:223.27,225.3 1 0
github.com/Rain-kl/Wavelet/core/events.go:227.2,230.38 2 232
github.com/Rain-kl/Wavelet/core/events.go:230.38,232.3 1 228
github.com/Rain-kl/Wavelet/core/events.go:235.2,235.39 1 4
github.com/Rain-kl/Wavelet/core/events.go:235.39,237.3 1 1
github.com/Rain-kl/Wavelet/core/events.go:240.2,240.82 1 3
github.com/Rain-kl/Wavelet/core/events.go:240.82,241.26 1 2
github.com/Rain-kl/Wavelet/core/events.go:241.26,243.4 1 1
github.com/Rain-kl/Wavelet/core/events.go:244.3,244.34 1 1
github.com/Rain-kl/Wavelet/core/events.go:248.2,248.85 1 1
github.com/Rain-kl/Wavelet/core/events.go:248.85,252.3 3 1
github.com/Rain-kl/Wavelet/core/events.go:255.2,255.33 1 0
github.com/Rain-kl/Wavelet/core/events.go:259.48,263.2 3 5
github.com/Rain-kl/Wavelet/core/events.go:266.38,271.28 4 1
github.com/Rain-kl/Wavelet/core/events.go:271.28,273.3 1 1
github.com/Rain-kl/Wavelet/core/events.go:274.2,274.15 1 1
github.com/Rain-kl/Wavelet/core/manifest.go:30.36,31.37 1 2
github.com/Rain-kl/Wavelet/core/manifest.go:31.37,33.3 1 1
github.com/Rain-kl/Wavelet/core/manifest.go:34.2,34.12 1 1
github.com/Rain-kl/Wavelet/core/types.go:104.88,106.2 1 3
github.com/Rain-kl/Wavelet/internal/apps/admin/logs/routers.go:54.30,59.64 4 0
github.com/Rain-kl/Wavelet/internal/apps/admin/logs/routers.go:59.64,62.3 2 0
github.com/Rain-kl/Wavelet/internal/apps/admin/logs/routers.go:63.2,63.76 1 0
github.com/Rain-kl/Wavelet/internal/apps/admin/logs/routers.go:63.76,65.3 1 0
github.com/Rain-kl/Wavelet/internal/apps/admin/logs/routers.go:66.2,66.22 1 0
github.com/Rain-kl/Wavelet/internal/apps/admin/logs/routers.go:66.22,68.3 1 0
github.com/Rain-kl/Wavelet/internal/apps/admin/logs/routers.go:70.2,76.22 3 0
github.com/Rain-kl/Wavelet/internal/apps/admin/logs/routers.go:76.22,78.3 1 0
github.com/Rain-kl/Wavelet/internal/apps/admin/logs/routers.go:80.2,80.42 1 0
github.com/Rain-kl/Wavelet/internal/apps/admin/logs/routers.go:94.41,98.16 3 0
github.com/Rain-kl/Wavelet/internal/apps/admin/logs/routers.go:98.16,100.3 1 0
github.com/Rain-kl/Wavelet/internal/apps/admin/logs/routers.go:101.2,101.15 1 0
github.com/Rain-kl/Wavelet/internal/apps/admin/logs/routers.go:101.15,101.35 1 0
github.com/Rain-kl/Wavelet/internal/apps/admin/logs/routers.go:104.2,109.17 4 0
github.com/Rain-kl/Wavelet/internal/apps/admin/logs/routers.go:109.17,111.7 2 0
github.com/Rain-kl/Wavelet/internal/apps/admin/logs/routers.go:111.7,113.18 2 0
github.com/Rain-kl/Wavelet/internal/apps/admin/logs/routers.go:113.18,115.5 1 0
github.com/Rain-kl/Wavelet/internal/apps/admin/logs/routers.go:120.2,120.6 1 0
github.com/Rain-kl/Wavelet/internal/apps/admin/logs/routers.go:120.6,121.10 1 0
github.com/Rain-kl/Wavelet/internal/apps/admin/logs/routers.go:122.15,123.10 1 0
github.com/Rain-kl/Wavelet/internal/apps/admin/logs/routers.go:124.26,125.11 1 0
github.com/Rain-kl/Wavelet/internal/apps/admin/logs/routers.go:125.11,127.5 1 0
github.com/Rain-kl/Wavelet/internal/apps/admin/logs/routers.go:128.4,131.56 4 0
github.com/Rain-kl/Wavelet/internal/apps/admin/logs/routers.go:131.56,133.5 1 0
github.com/Rain-kl/Wavelet/internal/apps/admin/logs/routers.go:160.98,164.20 3 0
github.com/Rain-kl/Wavelet/internal/apps/admin/logs/routers.go:164.20,166.17 2 0
github.com/Rain-kl/Wavelet/internal/apps/admin/logs/routers.go:166.17,168.4 1 0
github.com/Rain-kl/Wavelet/internal/apps/admin/logs/routers.go:169.3,169.27 1 0
github.com/Rain-kl/Wavelet/internal/apps/admin/logs/routers.go:172.2,172.41 1 0
github.com/Rain-kl/Wavelet/internal/apps/admin/logs/routers.go:172.41,174.3 1 0
github.com/Rain-kl/Wavelet/internal/apps/admin/logs/routers.go:176.2,176.57 1 0
github.com/Rain-kl/Wavelet/internal/apps/admin/logs/routers.go:176.57,177.58 1 0
github.com/Rain-kl/Wavelet/internal/apps/admin/logs/routers.go:177.58,179.4 1 0
github.com/Rain-kl/Wavelet/internal/apps/admin/logs/routers.go:182.2,182.51 1 0
github.com/Rain-kl/Wavelet/internal/apps/admin/logs/routers.go:182.51,183.56 1 0
github.com/Rain-kl/Wavelet/internal/apps/admin/logs/routers.go:183.56,185.4 1 0
github.com/Rain-kl/Wavelet/internal/apps/admin/logs/routers.go:188.2,188.20 1 0
github.com/Rain-kl/Wavelet/internal/apps/admin/logs/routers.go:191.58,192.59 1 0
github.com/Rain-kl/Wavelet/internal/apps/admin/logs/routers.go:192.59,194.3 1 0
github.com/Rain-kl/Wavelet/internal/apps/admin/logs/routers.go:195.2,195.49 1 0
github.com/Rain-kl/Wavelet/internal/apps/admin/logs/routers.go:198.75,199.20 1 0
github.com/Rain-kl/Wavelet/internal/apps/admin/logs/routers.go:199.20,201.3 1 0
github.com/Rain-kl/Wavelet/internal/apps/admin/logs/routers.go:203.2,205.28 3 0
github.com/Rain-kl/Wavelet/internal/apps/admin/logs/routers.go:205.28,206.37 1 0
github.com/Rain-kl/Wavelet/internal/apps/admin/logs/routers.go:206.37,207.12 1 0
github.com/Rain-kl/Wavelet/internal/apps/admin/logs/routers.go:209.3,210.41 2 0
github.com/Rain-kl/Wavelet/internal/apps/admin/logs/routers.go:213.2,214.71 2 0
github.com/Rain-kl/Wavelet/internal/apps/admin/logs/routers.go:214.71,215.27 1 0
github.com/Rain-kl/Wavelet/internal/apps/admin/logs/routers.go:215.27,217.4 1 0
github.com/Rain-kl/Wavelet/internal/apps/admin/logs/routers.go:219.2,219.22 1 0
github.com/Rain-kl/Wavelet/internal/apps/admin/logs/routers.go:219.22,220.46 1 0
github.com/Rain-kl/Wavelet/internal/apps/admin/logs/routers.go:220.46,223.4 2 0
github.com/Rain-kl/Wavelet/internal/apps/admin/logs/routers.go:245.36,248.16 3 0
github.com/Rain-kl/Wavelet/internal/apps/admin/logs/routers.go:248.16,251.3 2 0
github.com/Rain-kl/Wavelet/internal/apps/admin/logs/routers.go:253.2,254.14 2 0
github.com/Rain-kl/Wavelet/internal/apps/admin/logs/routers.go:254.14,256.3 1 0
github.com/Rain-kl/Wavelet/internal/apps/admin/logs/routers.go:257.2,258.18 2 0
github.com/Rain-kl/Wavelet/internal/apps/admin/logs/routers.go:258.18,260.3 1 0
github.com/Rain-kl/Wavelet/internal/apps/admin/logs/routers.go:261.2,261.28 1 0
github.com/Rain-kl/Wavelet/internal/apps/admin/logs/routers.go:261.28,263.3 1 0
github.com/Rain-kl/Wavelet/internal/apps/admin/logs/routers.go:265.2,266.16 2 0
github.com/Rain-kl/Wavelet/internal/apps/admin/logs/routers.go:266.16,269.3 2 0
github.com/Rain-kl/Wavelet/internal/apps/admin/logs/routers.go:270.2,270.55 1 0
github.com/Rain-kl/Wavelet/internal/apps/admin/logs/routers.go:270.55,273.3 2 0
github.com/Rain-kl/Wavelet/internal/apps/admin/logs/routers.go:275.2,276.16 2 0
github.com/Rain-kl/Wavelet/internal/apps/admin/logs/routers.go:276.16,279.3 2 0
github.com/Rain-kl/Wavelet/internal/apps/admin/logs/routers.go:280.2,280.16 1 0
github.com/Rain-kl/Wavelet/internal/apps/admin/logs/routers.go:280.16,283.3 2 0
github.com/Rain-kl/Wavelet/internal/apps/admin/logs/routers.go:285.2,286.31 2 0
github.com/Rain-kl/Wavelet/internal/apps/admin/logs/routers.go:286.31,299.3 1 0
github.com/Rain-kl/Wavelet/internal/apps/admin/logs/routers.go:300.2,305.5 2 0
github.com/Rain-kl/Wavelet/internal/apps/admin/logs/routers.go:346.39,349.16 3 0
github.com/Rain-kl/Wavelet/internal/apps/admin/logs/routers.go:349.16,352.3 2 0
github.com/Rain-kl/Wavelet/internal/apps/admin/logs/routers.go:354.2,357.16 3 0
github.com/Rain-kl/Wavelet/internal/apps/admin/logs/routers.go:357.16,360.3 2 0
github.com/Rain-kl/Wavelet/internal/apps/admin/logs/routers.go:361.2,362.36 2 0
github.com/Rain-kl/Wavelet/internal/apps/admin/logs/routers.go:362.36,367.3 1 0
github.com/Rain-kl/Wavelet/internal/apps/admin/logs/routers.go:369.2,370.16 2 0
github.com/Rain-kl/Wavelet/internal/apps/admin/logs/routers.go:370.16,373.3 2 0
github.com/Rain-kl/Wavelet/internal/apps/admin/logs/routers.go:374.2,375.38 2 0
github.com/Rain-kl/Wavelet/internal/apps/admin/logs/routers.go:375.38,380.3 1 0
github.com/Rain-kl/Wavelet/internal/apps/admin/logs/routers.go:382.2,383.16 2 0
github.com/Rain-kl/Wavelet/internal/apps/admin/logs/routers.go:383.16,386.3 2 0
github.com/Rain-kl/Wavelet/internal/apps/admin/logs/routers.go:388.2,390.38 3 0
github.com/Rain-kl/Wavelet/internal/apps/admin/logs/routers.go:390.38,396.3 2 0
github.com/Rain-kl/Wavelet/internal/apps/admin/logs/routers.go:398.2,398.22 1 0
github.com/Rain-kl/Wavelet/internal/apps/admin/logs/routers.go:398.22,404.24 3 0
github.com/Rain-kl/Wavelet/internal/apps/admin/logs/routers.go:404.24,405.28 1 0
github.com/Rain-kl/Wavelet/internal/apps/admin/logs/routers.go:405.28,413.5 1 0
github.com/Rain-kl/Wavelet/internal/apps/admin/logs/routers.go:415.3,415.27 1 0
github.com/Rain-kl/Wavelet/internal/apps/admin/logs/routers.go:415.27,416.61 1 0
github.com/Rain-kl/Wavelet/internal/apps/admin/logs/routers.go:416.61,419.5 2 0
github.com/Rain-kl/Wavelet/internal/apps/admin/logs/routers.go:423.2,427.5 1 0
github.com/Rain-kl/Wavelet/internal/apps/admin/logs/tasks.go:57.78,59.52 2 0
github.com/Rain-kl/Wavelet/internal/apps/admin/logs/tasks.go:59.52,61.3 1 0
github.com/Rain-kl/Wavelet/internal/apps/admin/logs/tasks.go:62.2,63.28 2 0
github.com/Rain-kl/Wavelet/internal/apps/admin/logs/tasks.go:63.28,65.3 1 0
github.com/Rain-kl/Wavelet/internal/apps/admin/logs/tasks.go:66.2,67.16 2 0
github.com/Rain-kl/Wavelet/internal/apps/admin/logs/tasks.go:67.16,69.3 1 0
github.com/Rain-kl/Wavelet/internal/apps/admin/logs/tasks.go:70.2,70.17 1 0
github.com/Rain-kl/Wavelet/internal/apps/admin/logs/tasks.go:73.39,74.11 1 0
github.com/Rain-kl/Wavelet/internal/apps/admin/logs/tasks.go:75.36,76.24 1 0
github.com/Rain-kl/Wavelet/internal/apps/admin/logs/tasks.go:77.31,78.22 1 0
github.com/Rain-kl/Wavelet/internal/apps/admin/logs/tasks.go:79.30,80.26 1 0
github.com/Rain-kl/Wavelet/internal/apps/admin/logs/tasks.go:82.2,82.10 1 0
github.com/Rain-kl/Wavelet/internal/apps/admin/logs/tasks.go:85.33,87.2 1 0
github.com/Rain-kl/Wavelet/internal/apps/admin/logs/tasks.go:90.101,92.52 2 0
github.com/Rain-kl/Wavelet/internal/apps/admin/logs/tasks.go:92.52,94.3 1 0
github.com/Rain-kl/Wavelet/internal/apps/admin/logs/tasks.go:95.2,96.54 2 0
github.com/Rain-kl/Wavelet/internal/apps/admin/logs/tasks.go:96.54,98.3 1 0
github.com/Rain-kl/Wavelet/internal/apps/admin/logs/tasks.go:100.2,101.16 2 0
github.com/Rain-kl/Wavelet/internal/apps/admin/logs/tasks.go:101.16,104.3 2 0
github.com/Rain-kl/Wavelet/internal/apps/admin/logs/tasks.go:105.2,107.59 2 0
github.com/Rain-kl/Wavelet/internal/apps/admin/logs/tasks.go:107.59,109.3 1 0
github.com/Rain-kl/Wavelet/internal/apps/admin/logs/tasks.go:110.2,110.15 1 0
github.com/Rain-kl/Wavelet/internal/apps/admin/logs/tasks.go:110.15,111.51 1 0
github.com/Rain-kl/Wavelet/internal/apps/admin/logs/tasks.go:111.51,113.4 1 0
github.com/Rain-kl/Wavelet/internal/apps/admin/logs/tasks.go:116.2,116.48 1 0
github.com/Rain-kl/Wavelet/internal/apps/admin/logs/tasks.go:116.48,118.3 1 0
github.com/Rain-kl/Wavelet/internal/apps/admin/logs/tasks.go:120.2,121.16 2 0
github.com/Rain-kl/Wavelet/internal/apps/admin/logs/tasks.go:121.16,123.3 1 0
github.com/Rain-kl/Wavelet/internal/apps/admin/logs/tasks.go:124.2,125.16 2 0
github.com/Rain-kl/Wavelet/internal/apps/admin/logs/tasks.go:125.16,127.3 1 0
github.com/Rain-kl/Wavelet/internal/apps/admin/logs/tasks.go:129.2,129.61 1 0
github.com/Rain-kl/Wavelet/internal/apps/admin/logs/tasks.go:129.61,131.3 1 0
github.com/Rain-kl/Wavelet/internal/apps/admin/logs/tasks.go:132.2,133.16 2 0
github.com/Rain-kl/Wavelet/internal/apps/admin/logs/tasks.go:133.16,135.3 1 0
github.com/Rain-kl/Wavelet/internal/apps/admin/logs/tasks.go:136.2,136.36 1 0
github.com/Rain-kl/Wavelet/internal/apps/admin/logs/tasks.go:136.36,137.76 1 0
github.com/Rain-kl/Wavelet/internal/apps/admin/logs/tasks.go:137.76,139.4 1 0
github.com/Rain-kl/Wavelet/internal/apps/admin/logs/tasks.go:142.2,142.58 1 0
github.com/Rain-kl/Wavelet/internal/apps/admin/logs/tasks.go:142.58,144.3 1 0
github.com/Rain-kl/Wavelet/internal/apps/admin/logs/tasks.go:145.2,145.55 1 0
github.com/Rain-kl/Wavelet/internal/apps/admin/logs/tasks.go:145.55,147.3 1 0
github.com/Rain-kl/Wavelet/internal/apps/admin/logs/tasks.go:148.2,150.111 3 0
github.com/Rain-kl/Wavelet/internal/apps/admin/logs/tasks.go:153.63,155.16 2 0
github.com/Rain-kl/Wavelet/internal/apps/admin/logs/tasks.go:155.16,157.3 1 0
github.com/Rain-kl/Wavelet/internal/apps/admin/logs/tasks.go:158.2,158.22 1 0
github.com/Rain-kl/Wavelet/internal/apps/admin/logs/tasks.go:158.22,160.3 1 0
github.com/Rain-kl/Wavelet/internal/apps/admin/logs/tasks.go:161.2,161.16 1 0
github.com/Rain-kl/Wavelet/internal/apps/admin/logs/tasks.go:162.24,163.40 1 0
github.com/Rain-kl/Wavelet/internal/apps/admin/logs/tasks.go:163.40,165.4 1 0
github.com/Rain-kl/Wavelet/internal/apps/admin/logs/tasks.go:166.22,167.38 1 0
github.com/Rain-kl/Wavelet/internal/apps/admin/logs/tasks.go:167.38,169.4 1 0
github.com/Rain-kl/Wavelet/internal/apps/admin/logs/tasks.go:170.20,171.37 1 0
github.com/Rain-kl/Wavelet/internal/apps/admin/logs/tasks.go:171.37,173.4 1 0
github.com/Rain-kl/Wavelet/internal/apps/admin/logs/tasks.go:175.2,175.12 1 0
github.com/Rain-kl/Wavelet/internal/apps/admin/logs/tasks.go:178.62,180.16 2 0
github.com/Rain-kl/Wavelet/internal/apps/admin/logs/tasks.go:180.16,182.3 1 0
github.com/Rain-kl/Wavelet/internal/apps/admin/logs/tasks.go:183.2,183.21 1 0
github.com/Rain-kl/Wavelet/internal/apps/admin/logs/tasks.go:183.21,185.3 1 0
github.com/Rain-kl/Wavelet/internal/apps/admin/logs/tasks.go:186.2,186.23 1 0
github.com/Rain-kl/Wavelet/internal/apps/admin/logs/tasks.go:189.60,191.2 1 0
github.com/Rain-kl/Wavelet/internal/apps/admin/logs/tasks.go:193.64,195.2 1 0
github.com/Rain-kl/Wavelet/internal/apps/admin/logs/tasks.go:197.78,200.6 3 0
github.com/Rain-kl/Wavelet/internal/apps/admin/logs/tasks.go:200.6,202.17 2 0
github.com/Rain-kl/Wavelet/internal/apps/admin/logs/tasks.go:202.17,204.4 1 0
github.com/Rain-kl/Wavelet/internal/apps/admin/logs/tasks.go:205.3,205.21 1 0
github.com/Rain-kl/Wavelet/internal/apps/admin/logs/tasks.go:205.21,206.9 1 0
github.com/Rain-kl/Wavelet/internal/apps/admin/logs/tasks.go:208.3,208.67 1 0
github.com/Rain-kl/Wavelet/internal/apps/admin/logs/tasks.go:208.67,210.4 1 0
github.com/Rain-kl/Wavelet/internal/apps/admin/logs/tasks.go:211.3,214.32 4 0
github.com/Rain-kl/Wavelet/internal/apps/admin/logs/tasks.go:214.32,215.9 1 0
github.com/Rain-kl/Wavelet/internal/apps/admin/logs/tasks.go:218.2,218.12 1 0
github.com/Rain-kl/Wavelet/internal/apps/admin/logs/utils.go:20.40,22.43 1 1
github.com/Rain-kl/Wavelet/internal/apps/admin/logs/utils.go:22.43,24.20 2 7
github.com/Rain-kl/Wavelet/internal/apps/admin/logs/utils.go:24.20,26.5 1 1
github.com/Rain-kl/Wavelet/internal/apps/admin/logs/utils.go:29.4,30.55 2 6
github.com/Rain-kl/Wavelet/internal/apps/admin/logs/utils.go:30.55,32.5 1 2
github.com/Rain-kl/Wavelet/internal/apps/admin/logs/utils.go:35.4,36.115 2 4
github.com/Rain-kl/Wavelet/internal/apps/admin/logs/utils.go:36.115,39.44 3 4
github.com/Rain-kl/Wavelet/internal/apps/admin/logs/utils.go:39.44,41.68 2 4
github.com/Rain-kl/Wavelet/internal/apps/admin/logs/utils.go:41.68,43.7 1 2
github.com/Rain-kl/Wavelet/internal/apps/admin/logs/utils.go:46.4,46.16 1 2
github.com/Rain-kl/Wavelet/internal/apps/admin/logs/utils.go:52.60,53.13 1 0
github.com/Rain-kl/Wavelet/internal/apps/admin/logs/utils.go:53.13,56.3 2 0
github.com/Rain-kl/Wavelet/internal/apps/admin/logs/utils.go:57.2,58.25 2 0
github.com/Rain-kl/Wavelet/internal/apps/admin/logs/utils.go:58.25,60.3 1 0
github.com/Rain-kl/Wavelet/internal/apps/admin/logs/utils.go:61.2,62.18 2 0
github.com/Rain-kl/Wavelet/internal/apps/admin/auth_source/routers.go:51.38,53.16 2 1
github.com/Rain-kl/Wavelet/internal/apps/admin/auth_source/routers.go:53.16,56.3 2 0
github.com/Rain-kl/Wavelet/internal/apps/admin/auth_source/routers.go:57.2,57.45 1 1
github.com/Rain-kl/Wavelet/internal/apps/admin/auth_source/routers.go:73.39,75.47 2 2
github.com/Rain-kl/Wavelet/internal/apps/admin/auth_source/routers.go:75.47,78.3 2 0
github.com/Rain-kl/Wavelet/internal/apps/admin/auth_source/routers.go:80.2,91.82 2 2
github.com/Rain-kl/Wavelet/internal/apps/admin/auth_source/routers.go:91.82,94.3 2 1
github.com/Rain-kl/Wavelet/internal/apps/admin/auth_source/routers.go:95.2,97.44 3 1
github.com/Rain-kl/Wavelet/internal/apps/admin/auth_source/routers.go:115.39,117.16 2 2
github.com/Rain-kl/Wavelet/internal/apps/admin/auth_source/routers.go:117.16,120.3 2 0
github.com/Rain-kl/Wavelet/internal/apps/admin/auth_source/routers.go:122.2,123.47 2 2
github.com/Rain-kl/Wavelet/internal/apps/admin/auth_source/routers.go:123.47,126.3 2 0
github.com/Rain-kl/Wavelet/internal/apps/admin/auth_source/routers.go:129.2,144.94 4 2
github.com/Rain-kl/Wavelet/internal/apps/admin/auth_source/routers.go:144.94,147.3 2 0
github.com/Rain-kl/Wavelet/internal/apps/admin/auth_source/routers.go:151.2,151.21 1 2
github.com/Rain-kl/Wavelet/internal/apps/admin/auth_source/routers.go:151.21,153.3 1 2
github.com/Rain-kl/Wavelet/internal/apps/admin/auth_source/routers.go:154.2,158.16 4 2
github.com/Rain-kl/Wavelet/internal/apps/admin/auth_source/routers.go:158.16,161.3 2 0
github.com/Rain-kl/Wavelet/internal/apps/admin/auth_source/routers.go:162.2,163.45 2 2
github.com/Rain-kl/Wavelet/internal/apps/admin/auth_source/routers.go:180.39,182.16 2 2
github.com/Rain-kl/Wavelet/internal/apps/admin/auth_source/routers.go:182.16,185.3 2 0
github.com/Rain-kl/Wavelet/internal/apps/admin/auth_source/routers.go:187.2,188.47 2 2
github.com/Rain-kl/Wavelet/internal/apps/admin/auth_source/routers.go:188.47,191.3 2 0
github.com/Rain-kl/Wavelet/internal/apps/admin/auth_source/routers.go:193.2,193.91 1 2
github.com/Rain-kl/Wavelet/internal/apps/admin/auth_source/routers.go:193.91,196.3 2 1
github.com/Rain-kl/Wavelet/internal/apps/admin/auth_source/routers.go:197.2,198.41 2 1
github.com/Rain-kl/Wavelet/internal/apps/admin/auth_source/routers.go:213.39,215.16 2 1
github.com/Rain-kl/Wavelet/internal/apps/admin/auth_source/routers.go:215.16,218.3 2 0
github.com/Rain-kl/Wavelet/internal/apps/admin/auth_source/routers.go:219.2,219.77 1 1
github.com/Rain-kl/Wavelet/internal/apps/admin/auth_source/routers.go:219.77,222.3 2 0
github.com/Rain-kl/Wavelet/internal/apps/admin/auth_source/routers.go:223.2,224.41 2 1
github.com/Rain-kl/Wavelet/internal/apps/admin/auth_source/routers.go:227.52,229.15 2 5
github.com/Rain-kl/Wavelet/internal/apps/admin/auth_source/routers.go:229.15,231.3 1 0
github.com/Rain-kl/Wavelet/internal/apps/admin/auth_source/routers.go:232.2,233.16 2 5
github.com/Rain-kl/Wavelet/internal/apps/admin/auth_source/routers.go:233.16,235.3 1 1
github.com/Rain-kl/Wavelet/internal/apps/admin/auth_source/routers.go:236.2,237.73 2 4
github.com/Rain-kl/Wavelet/internal/apps/admin/auth_source/routers.go:237.73,239.3 1 0
github.com/Rain-kl/Wavelet/internal/apps/admin/auth_source/routers.go:240.2,240.16 1 4
github.com/Rain-kl/Wavelet/internal/apps/admin/auth_source/routers.go:245.50,250.2 4 4
github.com/Rain-kl/Wavelet/internal/apps/admin/message_gateway/handlers.go:22.45,24.2 1 0
github.com/Rain-kl/Wavelet/internal/apps/admin/message_gateway/handlers.go:34.35,36.16 2 0
github.com/Rain-kl/Wavelet/internal/apps/admin/message_gateway/handlers.go:36.16,39.3 2 0
github.com/Rain-kl/Wavelet/internal/apps/admin/message_gateway/handlers.go:40.2,40.42 1 0
github.com/Rain-kl/Wavelet/internal/apps/admin/message_gateway/handlers.go:54.36,56.47 2 0
github.com/Rain-kl/Wavelet/internal/apps/admin/message_gateway/handlers.go:56.47,59.3 2 0
github.com/Rain-kl/Wavelet/internal/apps/admin/message_gateway/handlers.go:60.2,61.16 2 0
github.com/Rain-kl/Wavelet/internal/apps/admin/message_gateway/handlers.go:61.16,64.3 2 0
github.com/Rain-kl/Wavelet/internal/apps/admin/message_gateway/handlers.go:65.2,65.41 1 0
github.com/Rain-kl/Wavelet/internal/apps/admin/message_gateway/handlers.go:81.36,83.16 2 0
github.com/Rain-kl/Wavelet/internal/apps/admin/message_gateway/handlers.go:83.16,86.3 2 0
github.com/Rain-kl/Wavelet/internal/apps/admin/message_gateway/handlers.go:87.2,88.47 2 0
github.com/Rain-kl/Wavelet/internal/apps/admin/message_gateway/handlers.go:88.47,91.3 2 0
github.com/Rain-kl/Wavelet/internal/apps/admin/message_gateway/handlers.go:92.2,93.16 2 0
github.com/Rain-kl/Wavelet/internal/apps/admin/message_gateway/handlers.go:93.16,94.40 1 0
github.com/Rain-kl/Wavelet/internal/apps/admin/message_gateway/handlers.go:94.40,97.4 2 0
github.com/Rain-kl/Wavelet/internal/apps/admin/message_gateway/handlers.go:98.3,99.9 2 0
github.com/Rain-kl/Wavelet/internal/apps/admin/message_gateway/handlers.go:101.2,101.41 1 0
github.com/Rain-kl/Wavelet/internal/apps/admin/message_gateway/handlers.go:114.36,116.16 2 0
github.com/Rain-kl/Wavelet/internal/apps/admin/message_gateway/handlers.go:116.16,119.3 2 0
github.com/Rain-kl/Wavelet/internal/apps/admin/message_gateway/handlers.go:120.2,120.63 1 0
github.com/Rain-kl/Wavelet/internal/apps/admin/message_gateway/handlers.go:120.63,121.40 1 0
github.com/Rain-kl/Wavelet/internal/apps/admin/message_gateway/handlers.go:121.40,124.4 2 0
github.com/Rain-kl/Wavelet/internal/apps/admin/message_gateway/handlers.go:125.3,126.9 2 0
github.com/Rain-kl/Wavelet/internal/apps/admin/message_gateway/handlers.go:128.2,128.41 1 0
github.com/Rain-kl/Wavelet/internal/apps/admin/message_gateway/handlers.go:142.34,144.16 2 0
github.com/Rain-kl/Wavelet/internal/apps/admin/message_gateway/handlers.go:144.16,147.3 2 0
github.com/Rain-kl/Wavelet/internal/apps/admin/message_gateway/handlers.go:148.2,148.62 1 0
github.com/Rain-kl/Wavelet/internal/apps/admin/message_gateway/handlers.go:148.62,149.40 1 0
github.com/Rain-kl/Wavelet/internal/apps/admin/message_gateway/handlers.go:149.40,152.4 2 0
github.com/Rain-kl/Wavelet/internal/apps/admin/message_gateway/handlers.go:153.3,154.9 2 0
github.com/Rain-kl/Wavelet/internal/apps/admin/message_gateway/handlers.go:156.2,156.41 1 0
github.com/Rain-kl/Wavelet/internal/apps/admin/message_gateway/logics.go:80.40,100.2 1 0
github.com/Rain-kl/Wavelet/internal/apps/admin/message_gateway/logics.go:102.87,104.16 2 3
github.com/Rain-kl/Wavelet/internal/apps/admin/message_gateway/logics.go:104.16,106.3 1 0
github.com/Rain-kl/Wavelet/internal/apps/admin/message_gateway/logics.go:107.2,109.16 3 3
github.com/Rain-kl/Wavelet/internal/apps/admin/message_gateway/logics.go:109.16,111.3 1 1
github.com/Rain-kl/Wavelet/internal/apps/admin/message_gateway/logics.go:112.2,113.16 2 2
github.com/Rain-kl/Wavelet/internal/apps/admin/message_gateway/logics.go:113.16,115.3 1 0
github.com/Rain-kl/Wavelet/internal/apps/admin/message_gateway/logics.go:116.2,117.24 2 2
github.com/Rain-kl/Wavelet/internal/apps/admin/message_gateway/logics.go:117.24,119.3 1 0
github.com/Rain-kl/Wavelet/internal/apps/admin/message_gateway/logics.go:120.2,128.66 2 2
github.com/Rain-kl/Wavelet/internal/apps/admin/message_gateway/logics.go:128.66,130.3 1 0
github.com/Rain-kl/Wavelet/internal/apps/admin/message_gateway/logics.go:131.2,131.38 1 2
github.com/Rain-kl/Wavelet/internal/apps/admin/message_gateway/logics.go:134.98,136.16 2 1
github.com/Rain-kl/Wavelet/internal/apps/admin/message_gateway/logics.go:136.16,137.45 1 0
github.com/Rain-kl/Wavelet/internal/apps/admin/message_gateway/logics.go:137.45,139.4 1 0
github.com/Rain-kl/Wavelet/internal/apps/admin/message_gateway/logics.go:140.3,140.27 1 0
github.com/Rain-kl/Wavelet/internal/apps/admin/message_gateway/logics.go:142.2,143.16 2 1
github.com/Rain-kl/Wavelet/internal/apps/admin/message_gateway/logics.go:143.16,145.3 1 0
github.com/Rain-kl/Wavelet/internal/apps/admin/message_gateway/logics.go:146.2,147.21 2 1
github.com/Rain-kl/Wavelet/internal/apps/admin/message_gateway/logics.go:147.21,149.17 2 1
github.com/Rain-kl/Wavelet/internal/apps/admin/message_gateway/logics.go:149.17,151.4 1 0
github.com/Rain-kl/Wavelet/internal/apps/admin/message_gateway/logics.go:152.3,152.18 1 1
github.com/Rain-kl/Wavelet/internal/apps/admin/message_gateway/logics.go:154.2,154.24 1 1
github.com/Rain-kl/Wavelet/internal/apps/admin/message_gateway/logics.go:154.24,156.3 1 0
github.com/Rain-kl/Wavelet/internal/apps/admin/message_gateway/logics.go:157.2,157.59 1 1
github.com/Rain-kl/Wavelet/internal/apps/admin/message_gateway/logics.go:157.59,159.3 1 0
github.com/Rain-kl/Wavelet/internal/apps/admin/message_gateway/logics.go:160.2,160.56 1 1
github.com/Rain-kl/Wavelet/internal/apps/admin/message_gateway/logics.go:160.56,162.3 1 0
github.com/Rain-kl/Wavelet/internal/apps/admin/message_gateway/logics.go:163.2,163.62 1 1
github.com/Rain-kl/Wavelet/internal/apps/admin/message_gateway/logics.go:163.62,165.3 1 0
github.com/Rain-kl/Wavelet/internal/apps/admin/message_gateway/logics.go:166.2,166.24 1 1
github.com/Rain-kl/Wavelet/internal/apps/admin/message_gateway/logics.go:166.24,168.3 1 0
github.com/Rain-kl/Wavelet/internal/apps/admin/message_gateway/logics.go:169.2,169.27 1 1
github.com/Rain-kl/Wavelet/internal/apps/admin/message_gateway/logics.go:169.27,171.3 1 0
github.com/Rain-kl/Wavelet/internal/apps/admin/message_gateway/logics.go:172.2,172.24 1 1
github.com/Rain-kl/Wavelet/internal/apps/admin/message_gateway/logics.go:172.24,174.3 1 0
github.com/Rain-kl/Wavelet/internal/apps/admin/message_gateway/logics.go:175.2,175.61 1 1
github.com/Rain-kl/Wavelet/internal/apps/admin/message_gateway/logics.go:175.61,177.3 1 0
github.com/Rain-kl/Wavelet/internal/apps/admin/message_gateway/logics.go:178.2,179.16 2 1
github.com/Rain-kl/Wavelet/internal/apps/admin/message_gateway/logics.go:179.16,181.3 1 0
github.com/Rain-kl/Wavelet/internal/apps/admin/message_gateway/logics.go:182.2,184.66 3 1
github.com/Rain-kl/Wavelet/internal/apps/admin/message_gateway/logics.go:184.66,186.3 1 0
github.com/Rain-kl/Wavelet/internal/apps/admin/message_gateway/logics.go:187.2,187.38 1 1
github.com/Rain-kl/Wavelet/internal/apps/admin/message_gateway/logics.go:190.62,192.16 2 0
github.com/Rain-kl/Wavelet/internal/apps/admin/message_gateway/logics.go:192.16,194.3 1 0
github.com/Rain-kl/Wavelet/internal/apps/admin/message_gateway/logics.go:195.2,196.22 2 0
github.com/Rain-kl/Wavelet/internal/apps/admin/message_gateway/logics.go:196.22,198.17 2 0
github.com/Rain-kl/Wavelet/internal/apps/admin/message_gateway/logics.go:198.17,200.4 1 0
github.com/Rain-kl/Wavelet/internal/apps/admin/message_gateway/logics.go:201.3,201.77 1 0
github.com/Rain-kl/Wavelet/internal/apps/admin/message_gateway/logics.go:203.2,203.17 1 0
github.com/Rain-kl/Wavelet/internal/apps/admin/message_gateway/logics.go:206.58,207.65 1 0
github.com/Rain-kl/Wavelet/internal/apps/admin/message_gateway/logics.go:207.65,208.45 1 0
github.com/Rain-kl/Wavelet/internal/apps/admin/message_gateway/logics.go:208.45,210.4 1 0
github.com/Rain-kl/Wavelet/internal/apps/admin/message_gateway/logics.go:211.3,211.13 1 0
github.com/Rain-kl/Wavelet/internal/apps/admin/message_gateway/logics.go:213.2,213.49 1 0
github.com/Rain-kl/Wavelet/internal/apps/admin/message_gateway/logics.go:216.57,218.16 2 0
github.com/Rain-kl/Wavelet/internal/apps/admin/message_gateway/logics.go:218.16,219.45 1 0
github.com/Rain-kl/Wavelet/internal/apps/admin/message_gateway/logics.go:219.45,221.4 1 0
github.com/Rain-kl/Wavelet/internal/apps/admin/message_gateway/logics.go:222.3,222.13 1 0
github.com/Rain-kl/Wavelet/internal/apps/admin/message_gateway/logics.go:224.2,225.16 2 0
github.com/Rain-kl/Wavelet/internal/apps/admin/message_gateway/logics.go:225.16,227.3 1 0
github.com/Rain-kl/Wavelet/internal/apps/admin/message_gateway/logics.go:228.2,229.70 2 0
github.com/Rain-kl/Wavelet/internal/apps/admin/message_gateway/logics.go:229.70,231.3 1 0
github.com/Rain-kl/Wavelet/internal/apps/admin/message_gateway/logics.go:232.2,232.12 1 0
github.com/Rain-kl/Wavelet/internal/apps/admin/message_gateway/logics.go:235.100,239.13 4 3
github.com/Rain-kl/Wavelet/internal/apps/admin/message_gateway/logics.go:240.40,242.57 2 3
github.com/Rain-kl/Wavelet/internal/apps/admin/message_gateway/logics.go:242.57,244.4 1 0
github.com/Rain-kl/Wavelet/internal/apps/admin/message_gateway/logics.go:245.34,248.60 3 0
github.com/Rain-kl/Wavelet/internal/apps/admin/message_gateway/logics.go:248.60,250.4 1 0
github.com/Rain-kl/Wavelet/internal/apps/admin/message_gateway/logics.go:250.9,252.4 1 0
github.com/Rain-kl/Wavelet/internal/apps/admin/message_gateway/logics.go:253.3,253.63 1 0
github.com/Rain-kl/Wavelet/internal/apps/admin/message_gateway/logics.go:253.63,255.4 1 0
github.com/Rain-kl/Wavelet/internal/apps/admin/message_gateway/logics.go:256.10,257.46 1 0
github.com/Rain-kl/Wavelet/internal/apps/admin/message_gateway/logics.go:259.2,259.56 1 3
github.com/Rain-kl/Wavelet/internal/apps/admin/message_gateway/logics.go:259.56,261.3 1 1
github.com/Rain-kl/Wavelet/internal/apps/admin/message_gateway/logics.go:262.2,262.26 1 2
github.com/Rain-kl/Wavelet/internal/apps/admin/message_gateway/logics.go:265.69,266.13 1 4
github.com/Rain-kl/Wavelet/internal/apps/admin/message_gateway/logics.go:267.40,268.50 1 4
github.com/Rain-kl/Wavelet/internal/apps/admin/message_gateway/logics.go:268.50,270.4 1 1
github.com/Rain-kl/Wavelet/internal/apps/admin/message_gateway/logics.go:271.34,272.95 1 0
github.com/Rain-kl/Wavelet/internal/apps/admin/message_gateway/logics.go:272.95,274.4 1 0
github.com/Rain-kl/Wavelet/internal/apps/admin/message_gateway/logics.go:275.10,276.36 1 0
github.com/Rain-kl/Wavelet/internal/apps/admin/message_gateway/logics.go:278.2,278.12 1 3
github.com/Rain-kl/Wavelet/internal/apps/admin/message_gateway/logics.go:281.82,291.49 2 3
github.com/Rain-kl/Wavelet/internal/apps/admin/message_gateway/logics.go:291.49,293.3 1 3
github.com/Rain-kl/Wavelet/internal/apps/admin/message_gateway/logics.go:294.2,294.56 1 3
github.com/Rain-kl/Wavelet/internal/apps/admin/message_gateway/logics.go:294.56,296.3 1 0
github.com/Rain-kl/Wavelet/internal/apps/admin/message_gateway/logics.go:297.2,297.50 1 3
github.com/Rain-kl/Wavelet/internal/apps/admin/message_gateway/logics.go:297.50,299.3 1 0
github.com/Rain-kl/Wavelet/internal/apps/admin/message_gateway/logics.go:300.2,302.12 3 3
github.com/Rain-kl/Wavelet/internal/apps/admin/message_gateway/logics.go:305.94,306.13 1 0
github.com/Rain-kl/Wavelet/internal/apps/admin/message_gateway/logics.go:307.40,309.17 2 0
github.com/Rain-kl/Wavelet/internal/apps/admin/message_gateway/logics.go:309.17,311.4 1 0
github.com/Rain-kl/Wavelet/internal/apps/admin/message_gateway/logics.go:312.3,314.17 3 0
github.com/Rain-kl/Wavelet/internal/apps/admin/message_gateway/logics.go:314.17,316.4 1 0
github.com/Rain-kl/Wavelet/internal/apps/admin/message_gateway/logics.go:317.3,318.17 2 0
github.com/Rain-kl/Wavelet/internal/apps/admin/message_gateway/logics.go:318.17,320.4 1 0
github.com/Rain-kl/Wavelet/internal/apps/admin/message_gateway/logics.go:321.3,321.16 1 0
github.com/Rain-kl/Wavelet/internal/apps/admin/message_gateway/logics.go:321.16,321.41 1 0
github.com/Rain-kl/Wavelet/internal/apps/admin/message_gateway/logics.go:322.3,324.39 3 0
github.com/Rain-kl/Wavelet/internal/apps/admin/message_gateway/logics.go:324.39,326.4 1 0
github.com/Rain-kl/Wavelet/internal/apps/admin/message_gateway/logics.go:327.3,330.55 2 0
github.com/Rain-kl/Wavelet/internal/apps/admin/message_gateway/logics.go:330.55,332.4 1 0
github.com/Rain-kl/Wavelet/internal/apps/admin/message_gateway/logics.go:333.3,333.17 1 0
github.com/Rain-kl/Wavelet/internal/apps/admin/message_gateway/logics.go:333.17,335.4 1 0
github.com/Rain-kl/Wavelet/internal/apps/admin/message_gateway/logics.go:336.3,336.13 1 0
github.com/Rain-kl/Wavelet/internal/apps/admin/message_gateway/logics.go:337.34,343.13 3 0
github.com/Rain-kl/Wavelet/internal/apps/admin/message_gateway/logics.go:344.10,345.36 1 0
github.com/Rain-kl/Wavelet/internal/apps/admin/message_gateway/routers.go:10.51,12.2 2 0
github.com/Rain-kl/Wavelet/internal/apps/admin/message_gateway/routers.go:12.2,19.3 6 0
github.com/Rain-kl/Wavelet/internal/apps/admin/push/custom_events/admin_login.go:27.74,28.23 1 2
github.com/Rain-kl/Wavelet/internal/apps/admin/push/custom_events/admin_login.go:28.23,30.3 1 0
github.com/Rain-kl/Wavelet/internal/apps/admin/push/custom_events/admin_login.go:32.2,37.52 2 2
github.com/Rain-kl/Wavelet/internal/apps/admin/push/custom_events/register.go:14.17,17.2 2 1
github.com/Rain-kl/Wavelet/internal/apps/admin/system_config/logics.go:20.44,22.2 1 16
github.com/Rain-kl/Wavelet/internal/apps/admin/system_config/logics.go:24.83,25.35 1 2
github.com/Rain-kl/Wavelet/internal/apps/admin/system_config/logics.go:25.35,27.3 1 0
github.com/Rain-kl/Wavelet/internal/apps/admin/system_config/logics.go:28.2,29.16 2 2
github.com/Rain-kl/Wavelet/internal/apps/admin/system_config/logics.go:29.16,31.3 1 0
github.com/Rain-kl/Wavelet/internal/apps/admin/system_config/logics.go:32.2,32.12 1 2
github.com/Rain-kl/Wavelet/internal/apps/admin/system_config/logics.go:32.12,34.3 1 1
github.com/Rain-kl/Wavelet/internal/apps/admin/system_config/logics.go:36.2,43.68 2 1
github.com/Rain-kl/Wavelet/internal/apps/admin/system_config/logics.go:43.68,45.3 1 0
github.com/Rain-kl/Wavelet/internal/apps/admin/system_config/logics.go:47.2,48.76 2 1
github.com/Rain-kl/Wavelet/internal/apps/admin/system_config/logics.go:48.76,50.3 1 0
github.com/Rain-kl/Wavelet/internal/apps/admin/system_config/logics.go:51.2,51.12 1 1
github.com/Rain-kl/Wavelet/internal/apps/admin/system_config/logics.go:54.94,56.2 1 2
github.com/Rain-kl/Wavelet/internal/apps/admin/system_config/logics.go:58.83,60.2 1 2
github.com/Rain-kl/Wavelet/internal/apps/admin/system_config/logics.go:62.95,63.31 1 6
github.com/Rain-kl/Wavelet/internal/apps/admin/system_config/logics.go:63.31,65.3 1 0
github.com/Rain-kl/Wavelet/internal/apps/admin/system_config/logics.go:66.2,67.16 2 6
github.com/Rain-kl/Wavelet/internal/apps/admin/system_config/logics.go:67.16,69.3 1 1
github.com/Rain-kl/Wavelet/internal/apps/admin/system_config/logics.go:71.2,72.41 2 5
github.com/Rain-kl/Wavelet/internal/apps/admin/system_config/logics.go:72.41,74.75 2 4
github.com/Rain-kl/Wavelet/internal/apps/admin/system_config/logics.go:74.75,76.4 1 4
github.com/Rain-kl/Wavelet/internal/apps/admin/system_config/logics.go:78.3,79.17 2 4
github.com/Rain-kl/Wavelet/internal/apps/admin/system_config/logics.go:79.17,81.4 1 2
github.com/Rain-kl/Wavelet/internal/apps/admin/system_config/logics.go:82.3,82.27 1 2
github.com/Rain-kl/Wavelet/internal/apps/admin/system_config/logics.go:85.2,85.59 1 3
github.com/Rain-kl/Wavelet/internal/apps/admin/system_config/logics.go:85.59,89.28 2 3
github.com/Rain-kl/Wavelet/internal/apps/admin/system_config/logics.go:89.28,92.4 2 1
github.com/Rain-kl/Wavelet/internal/apps/admin/system_config/logics.go:93.3,93.75 1 3
github.com/Rain-kl/Wavelet/internal/apps/admin/system_config/logics.go:93.75,96.4 2 3
github.com/Rain-kl/Wavelet/internal/apps/admin/system_config/logics.go:97.3,97.66 1 3
github.com/Rain-kl/Wavelet/internal/apps/admin/system_config/logics.go:97.66,99.4 1 0
github.com/Rain-kl/Wavelet/internal/apps/admin/system_config/logics.go:100.3,101.13 2 3
github.com/Rain-kl/Wavelet/internal/apps/admin/system_config/logics.go:102.17,104.3 1 0
github.com/Rain-kl/Wavelet/internal/apps/admin/system_config/logics.go:106.2,107.12 2 3
github.com/Rain-kl/Wavelet/internal/apps/admin/system_config/logics.go:116.3,117.65 1 3
[...]
github.com/Rain-kl/Wavelet/pkg/util/crypto.go:93.16,95.3 1 0
github.com/Rain-kl/Wavelet/pkg/util/crypto.go:96.2,96.30 1 0
github.com/Rain-kl/Wavelet/pkg/util/crypto.go:96.30,98.3 1 0
github.com/Rain-kl/Wavelet/pkg/util/crypto.go:101.2,102.16 2 0
github.com/Rain-kl/Wavelet/pkg/util/crypto.go:102.16,104.3 1 0
github.com/Rain-kl/Wavelet/pkg/util/crypto.go:107.2,108.16 2 0
github.com/Rain-kl/Wavelet/pkg/util/crypto.go:108.16,110.3 1 0
github.com/Rain-kl/Wavelet/pkg/util/crypto.go:113.2,114.16 2 0
github.com/Rain-kl/Wavelet/pkg/util/crypto.go:114.16,116.3 1 0
github.com/Rain-kl/Wavelet/pkg/util/crypto.go:119.2,120.27 2 0
github.com/Rain-kl/Wavelet/pkg/util/crypto.go:120.27,122.3 1 0
github.com/Rain-kl/Wavelet/pkg/util/crypto.go:124.2,128.16 3 0
github.com/Rain-kl/Wavelet/pkg/util/crypto.go:128.16,130.3 1 0
github.com/Rain-kl/Wavelet/pkg/util/crypto.go:132.2,132.23 1 0
github.com/Rain-kl/Wavelet/pkg/util/crypto.go:136.39,138.2 1 0
github.com/Rain-kl/Wavelet/pkg/util/crypto.go:141.51,143.2 1 0
github.com/Rain-kl/Wavelet/pkg/util/crypto.go:150.63,151.45 1 0
github.com/Rain-kl/Wavelet/pkg/util/crypto.go:151.45,153.3 1 0
github.com/Rain-kl/Wavelet/pkg/util/crypto.go:155.2,155.45 1 0
github.com/Rain-kl/Wavelet/pkg/util/crypto.go:155.45,157.3 1 0
github.com/Rain-kl/Wavelet/pkg/util/crypto.go:159.2,159.54 1 0
github.com/Rain-kl/Wavelet/pkg/util/goroutine.go:16.20,18.12 2 2
github.com/Rain-kl/Wavelet/pkg/util/goroutine.go:18.12,19.16 1 2
github.com/Rain-kl/Wavelet/pkg/util/goroutine.go:19.16,20.32 1 2
github.com/Rain-kl/Wavelet/pkg/util/goroutine.go:20.32,27.5 1 1
github.com/Rain-kl/Wavelet/pkg/util/goroutine.go:29.3,29.7 1 2
github.com/Rain-kl/Wavelet/pkg/util/like.go:14.38,16.2 1 6
github.com/Rain-kl/Wavelet/pkg/util/password.go:13.52,15.16 2 1
github.com/Rain-kl/Wavelet/pkg/util/password.go:15.16,17.3 1 0
github.com/Rain-kl/Wavelet/pkg/util/password.go:18.2,18.26 1 1
github.com/Rain-kl/Wavelet/pkg/util/password.go:24.25,25.34 1 1
github.com/Rain-kl/Wavelet/pkg/util/password.go:25.34,27.17 2 1
github.com/Rain-kl/Wavelet/pkg/util/password.go:27.17,29.4 1 0
github.com/Rain-kl/Wavelet/pkg/util/password.go:30.3,30.35 1 1
github.com/Rain-kl/Wavelet/pkg/util/password.go:32.2,32.26 1 1
github.com/Rain-kl/Wavelet/pkg/util/password.go:36.52,38.2 1 3
github.com/Rain-kl/Wavelet/pkg/util/password.go:42.42,44.16 2 1
github.com/Rain-kl/Wavelet/pkg/util/password.go:44.16,46.3 1 0
github.com/Rain-kl/Wavelet/pkg/util/password.go:47.2,47.39 1 1
github.com/Rain-kl/Wavelet/pkg/util/strings.go:16.36,17.14 1 0
github.com/Rain-kl/Wavelet/pkg/util/strings.go:17.14,19.3 1 0
github.com/Rain-kl/Wavelet/pkg/util/strings.go:20.2,20.11 1 0
github.com/Rain-kl/Wavelet/pkg/util/strings.go:24.37,26.35 2 0
github.com/Rain-kl/Wavelet/pkg/util/strings.go:26.35,28.3 1 0
github.com/Rain-kl/Wavelet/pkg/util/strings.go:29.2,31.38 3 0
github.com/Rain-kl/Wavelet/pkg/util/strings.go:31.38,33.3 1 0
github.com/Rain-kl/Wavelet/pkg/util/strings.go:34.2,34.64 1 0
github.com/Rain-kl/Wavelet/pkg/util/uuid.go:20.38,22.65 2 0
github.com/Rain-kl/Wavelet/pkg/util/uuid.go:22.65,27.3 3 0
github.com/Rain-kl/Wavelet/pkg/util/uuid.go:28.2,28.40 1 0
github.com/Rain-kl/Wavelet/plugins/infra/cache/plugin.go:33.53,34.25 1 1
github.com/Rain-kl/Wavelet/plugins/infra/cache/plugin.go:34.25,36.3 1 1
github.com/Rain-kl/Wavelet/plugins/infra/cache/plugin.go:40.42,41.25 1 1
github.com/Rain-kl/Wavelet/plugins/infra/cache/plugin.go:41.25,43.3 1 1
github.com/Rain-kl/Wavelet/plugins/infra/cache/plugin.go:47.43,48.25 1 1
github.com/Rain-kl/Wavelet/plugins/infra/cache/plugin.go:48.25,50.3 1 1
github.com/Rain-kl/Wavelet/plugins/infra/cache/plugin.go:61.34,65.27 2 1
github.com/Rain-kl/Wavelet/plugins/infra/cache/plugin.go:65.27,66.17 1 3
github.com/Rain-kl/Wavelet/plugins/infra/cache/plugin.go:66.17,68.4 1 3
github.com/Rain-kl/Wavelet/plugins/infra/cache/plugin.go:70.2,70.10 1 1
github.com/Rain-kl/Wavelet/plugins/infra/cache/plugin.go:74.32,76.2 1 1
github.com/Rain-kl/Wavelet/plugins/infra/cache/plugin.go:79.49,81.24 2 1
github.com/Rain-kl/Wavelet/plugins/infra/cache/plugin.go:81.24,83.3 1 0
github.com/Rain-kl/Wavelet/plugins/infra/cache/plugin.go:85.2,88.16 2 1
github.com/Rain-kl/Wavelet/plugins/infra/cache/plugin.go:88.16,90.3 1 0
github.com/Rain-kl/Wavelet/plugins/infra/cache/plugin.go:92.2,100.24 2 1
github.com/Rain-kl/Wavelet/plugins/infra/cache/plugin.go:100.24,102.30 2 1
github.com/Rain-kl/Wavelet/plugins/infra/cache/plugin.go:102.30,105.4 2 1
github.com/Rain-kl/Wavelet/plugins/infra/cache/plugin.go:108.2,109.12 2 1
github.com/Rain-kl/Wavelet/plugins/infra/cache/plugin.go:124.59,125.23 1 6
github.com/Rain-kl/Wavelet/plugins/infra/cache/plugin.go:125.23,127.3 1 6
github.com/Rain-kl/Wavelet/plugins/infra/cache/plugin.go:128.2,128.28 1 0
github.com/Rain-kl/Wavelet/plugins/infra/cache/plugin.go:131.50,132.26 1 1
github.com/Rain-kl/Wavelet/plugins/infra/cache/plugin.go:132.26,134.3 1 0
github.com/Rain-kl/Wavelet/plugins/infra/cache/plugin.go:136.2,136.22 1 1
github.com/Rain-kl/Wavelet/plugins/infra/cache/plugin.go:136.22,140.18 3 1
github.com/Rain-kl/Wavelet/plugins/infra/cache/plugin.go:140.18,142.8 2 1
github.com/Rain-kl/Wavelet/plugins/infra/cache/plugin.go:142.8,143.12 1 2
github.com/Rain-kl/Wavelet/plugins/infra/cache/plugin.go:144.21,145.12 1 1
github.com/Rain-kl/Wavelet/plugins/infra/cache/plugin.go:146.26,147.13 1 1
github.com/Rain-kl/Wavelet/plugins/infra/cache/plugin.go:147.13,149.7 1 0
github.com/Rain-kl/Wavelet/plugins/infra/cache/plugin.go:150.6,150.41 1 1
github.com/Rain-kl/Wavelet/plugins/infra/cache/plugin.go:150.41,152.7 1 1
github.com/Rain-kl/Wavelet/plugins/infra/cache/plugin.go:159.49,160.23 1 1
github.com/Rain-kl/Wavelet/plugins/infra/cache/plugin.go:160.23,162.22 2 1
github.com/Rain-kl/Wavelet/plugins/infra/cache/plugin.go:162.22,164.4 1 1
github.com/Rain-kl/Wavelet/plugins/infra/cache/plugin.go:168.83,170.51 1 5
github.com/Rain-kl/Wavelet/plugins/infra/cache/plugin.go:170.51,171.67 1 2
github.com/Rain-kl/Wavelet/plugins/infra/cache/plugin.go:171.67,173.4 1 2
github.com/Rain-kl/Wavelet/plugins/infra/cache/plugin.go:175.3,175.29 1 0
github.com/Rain-kl/Wavelet/plugins/infra/cache/plugin.go:179.2,179.26 1 3
github.com/Rain-kl/Wavelet/plugins/infra/cache/plugin.go:179.26,181.17 2 3
github.com/Rain-kl/Wavelet/plugins/infra/cache/plugin.go:181.17,187.4 2 0
github.com/Rain-kl/Wavelet/plugins/infra/cache/plugin.go:187.9,187.40 1 3
github.com/Rain-kl/Wavelet/plugins/infra/cache/plugin.go:187.40,189.4 1 0
github.com/Rain-kl/Wavelet/plugins/infra/cache/plugin.go:192.2,192.31 1 3
github.com/Rain-kl/Wavelet/plugins/infra/cache/plugin.go:195.101,197.16 2 2
github.com/Rain-kl/Wavelet/plugins/infra/cache/plugin.go:197.16,199.3 1 0
github.com/Rain-kl/Wavelet/plugins/infra/cache/plugin.go:201.2,202.13 2 2
github.com/Rain-kl/Wavelet/plugins/infra/cache/plugin.go:202.13,204.3 1 2
github.com/Rain-kl/Wavelet/plugins/infra/cache/plugin.go:207.2,213.26 2 2
github.com/Rain-kl/Wavelet/plugins/infra/cache/plugin.go:213.26,214.85 1 2
github.com/Rain-kl/Wavelet/plugins/infra/cache/plugin.go:214.85,216.4 1 0
github.com/Rain-kl/Wavelet/plugins/infra/cache/plugin.go:219.2,219.12 1 2
github.com/Rain-kl/Wavelet/plugins/infra/cache/plugin.go:222.74,227.26 2 1
github.com/Rain-kl/Wavelet/plugins/infra/cache/plugin.go:227.26,228.104 1 1
github.com/Rain-kl/Wavelet/plugins/infra/cache/plugin.go:228.104,230.4 1 0
github.com/Rain-kl/Wavelet/plugins/infra/cache/plugin.go:231.3,231.61 1 1
github.com/Rain-kl/Wavelet/plugins/infra/cache/plugin.go:234.2,234.12 1 1
github.com/Rain-kl/Wavelet/plugins/infra/cache/plugin.go:237.78,239.2 1 1
github.com/Rain-kl/Wavelet/plugins/infra/cache/plugin.go:241.135,243.16 2 2
github.com/Rain-kl/Wavelet/plugins/infra/cache/plugin.go:243.16,245.3 1 1
github.com/Rain-kl/Wavelet/plugins/infra/cache/plugin.go:246.2,246.45 1 1
github.com/Rain-kl/Wavelet/plugins/infra/cache/plugin.go:246.45,248.3 1 0
github.com/Rain-kl/Wavelet/plugins/infra/cache/plugin.go:250.2,251.16 2 1
github.com/Rain-kl/Wavelet/plugins/infra/cache/plugin.go:251.16,253.3 1 0
github.com/Rain-kl/Wavelet/plugins/infra/cache/plugin.go:255.2,255.50 1 1
github.com/Rain-kl/Wavelet/plugins/infra/cache/plugin.go:255.50,257.3 1 0
github.com/Rain-kl/Wavelet/plugins/infra/cache/plugin.go:259.2,260.16 2 1
github.com/Rain-kl/Wavelet/plugins/infra/cache/plugin.go:260.16,262.3 1 0
github.com/Rain-kl/Wavelet/plugins/infra/cache/plugin.go:264.2,264.37 1 1
github.com/Rain-kl/Wavelet/plugins/infra/database/plugin.go:17.32,18.25 1 1
github.com/Rain-kl/Wavelet/plugins/infra/database/plugin.go:18.25,20.3 1 1
github.com/Rain-kl/Wavelet/plugins/infra/database/plugin.go:24.50,25.25 1 1
github.com/Rain-kl/Wavelet/plugins/infra/database/plugin.go:25.25,26.24 1 1
github.com/Rain-kl/Wavelet/plugins/infra/database/plugin.go:26.24,28.4 1 0
github.com/Rain-kl/Wavelet/plugins/infra/database/plugin.go:29.3,29.23 1 1
github.com/Rain-kl/Wavelet/plugins/infra/database/plugin.go:40.34,44.27 2 1
github.com/Rain-kl/Wavelet/plugins/infra/database/plugin.go:44.27,45.17 1 2
github.com/Rain-kl/Wavelet/plugins/infra/database/plugin.go:45.17,47.4 1 2
github.com/Rain-kl/Wavelet/plugins/infra/database/plugin.go:49.2,49.10 1 1
github.com/Rain-kl/Wavelet/plugins/infra/database/plugin.go:53.32,55.2 1 1
github.com/Rain-kl/Wavelet/plugins/infra/database/plugin.go:58.49,60.21 2 1
github.com/Rain-kl/Wavelet/plugins/infra/database/plugin.go:60.21,62.3 1 0
github.com/Rain-kl/Wavelet/plugins/infra/database/plugin.go:64.2,70.12 3 1
github.com/Rain-kl/Wavelet/plugins/infra/database/plugin.go:78.41,79.22 1 3
github.com/Rain-kl/Wavelet/plugins/infra/database/plugin.go:79.22,81.3 1 3
github.com/Rain-kl/Wavelet/plugins/infra/database/plugin.go:82.2,82.36 1 0
github.com/Rain-kl/Wavelet/plugins/infra/database/plugin.go:85.58,86.22 1 2
github.com/Rain-kl/Wavelet/plugins/infra/database/plugin.go:86.22,88.3 1 2
github.com/Rain-kl/Wavelet/plugins/infra/database/plugin.go:89.2,89.19 1 0
github.com/Rain-kl/Wavelet/plugins/infra/database/plugin.go:92.53,93.23 1 2
github.com/Rain-kl/Wavelet/plugins/infra/database/plugin.go:93.23,94.48 1 2
github.com/Rain-kl/Wavelet/plugins/infra/database/plugin.go:94.48,96.4 1 1
github.com/Rain-kl/Wavelet/plugins/infra/database/plugin.go:98.2,98.17 1 1
github.com/Rain-kl/Wavelet/plugins/infra/logger/plugin.go:18.20,20.2 1 1
github.com/Rain-kl/Wavelet/plugins/infra/logger/plugin.go:23.32,25.2 1 1
github.com/Rain-kl/Wavelet/plugins/infra/logger/plugin.go:28.49,32.2 3 1
github.com/Rain-kl/Wavelet/plugins/infra/logger/plugin.go:38.80,43.25 4 9
github.com/Rain-kl/Wavelet/plugins/infra/logger/plugin.go:43.25,45.3 1 5
github.com/Rain-kl/Wavelet/plugins/infra/logger/plugin.go:47.2,50.41 4 4
github.com/Rain-kl/Wavelet/plugins/infra/logger/plugin.go:50.41,51.12 1 5
github.com/Rain-kl/Wavelet/plugins/infra/logger/plugin.go:51.12,53.4 1 1
github.com/Rain-kl/Wavelet/plugins/infra/logger/plugin.go:54.3,54.27 1 5
github.com/Rain-kl/Wavelet/plugins/infra/logger/plugin.go:54.27,56.4 1 4
github.com/Rain-kl/Wavelet/plugins/infra/logger/plugin.go:56.9,58.4 1 1
github.com/Rain-kl/Wavelet/plugins/infra/logger/plugin.go:60.2,61.20 2 4
github.com/Rain-kl/Wavelet/plugins/infra/logger/plugin.go:64.90,66.2 1 1
github.com/Rain-kl/Wavelet/plugins/infra/logger/plugin.go:68.89,70.2 1 2
github.com/Rain-kl/Wavelet/plugins/infra/logger/plugin.go:72.89,74.2 1 1
github.com/Rain-kl/Wavelet/plugins/infra/logger/plugin.go:76.90,78.2 1 1
github.com/Rain-kl/Wavelet/plugins/infra/logger/plugin.go:80.85,83.2 2 1
github.com/Rain-kl/Wavelet/plugins/infra/logger/plugin.go:85.84,88.2 2 1
github.com/Rain-kl/Wavelet/plugins/infra/logger/plugin.go:90.84,93.2 2 1
github.com/Rain-kl/Wavelet/plugins/infra/logger/plugin.go:95.85,98.2 2 1
github.com/Rain-kl/Wavelet/plugins/infra/logger/plugin.go:100.80,107.2 4 1
github.com/Rain-kl/Wavelet/plugins/infra/storage/plugin.go:20.48,21.25 1 1
github.com/Rain-kl/Wavelet/plugins/infra/storage/plugin.go:21.25,23.3 1 1
github.com/Rain-kl/Wavelet/plugins/infra/storage/plugin.go:32.34,34.27 2 1
github.com/Rain-kl/Wavelet/plugins/infra/storage/plugin.go:34.27,35.17 1 1
github.com/Rain-kl/Wavelet/plugins/infra/storage/plugin.go:35.17,37.4 1 1
github.com/Rain-kl/Wavelet/plugins/infra/storage/plugin.go:39.2,39.10 1 1
github.com/Rain-kl/Wavelet/plugins/infra/storage/plugin.go:43.32,45.2 1 1
github.com/Rain-kl/Wavelet/plugins/infra/storage/plugin.go:48.49,54.2 3 1
github.com/Rain-kl/Wavelet/plugins/infra/storage/plugin.go:60.91,61.22 1 4
github.com/Rain-kl/Wavelet/plugins/infra/storage/plugin.go:61.22,63.3 1 4
github.com/Rain-kl/Wavelet/plugins/infra/storage/plugin.go:64.2,65.16 2 0
github.com/Rain-kl/Wavelet/plugins/infra/storage/plugin.go:65.16,67.3 1 0
github.com/Rain-kl/Wavelet/plugins/infra/storage/plugin.go:68.2,68.15 1 0
github.com/Rain-kl/Wavelet/plugins/infra/storage/plugin.go:71.151,73.16 2 1
github.com/Rain-kl/Wavelet/plugins/infra/storage/plugin.go:73.16,75.3 1 0
github.com/Rain-kl/Wavelet/plugins/infra/storage/plugin.go:77.2,78.16 2 1
github.com/Rain-kl/Wavelet/plugins/infra/storage/plugin.go:78.16,80.3 1 0
github.com/Rain-kl/Wavelet/plugins/infra/storage/plugin.go:82.2,85.8 1 1
github.com/Rain-kl/Wavelet/plugins/infra/storage/plugin.go:88.101,90.16 2 2
github.com/Rain-kl/Wavelet/plugins/infra/storage/plugin.go:90.16,92.3 1 0
github.com/Rain-kl/Wavelet/plugins/infra/storage/plugin.go:94.2,95.16 2 2
github.com/Rain-kl/Wavelet/plugins/infra/storage/plugin.go:95.16,97.3 1 1
github.com/Rain-kl/Wavelet/plugins/infra/storage/plugin.go:99.2,105.8 1 1
github.com/Rain-kl/Wavelet/plugins/infra/storage/plugin.go:108.76,110.16 2 1
github.com/Rain-kl/Wavelet/plugins/infra/storage/plugin.go:110.16,112.3 1 0
github.com/Rain-kl/Wavelet/plugins/infra/storage/plugin.go:113.2,113.27 1 1
github.com/Rain-kl/Wavelet/plugins/infra/storage/plugin.go:116.139,134.16 4 0
github.com/Rain-kl/Wavelet/plugins/infra/storage/plugin.go:134.16,136.3 1 0
github.com/Rain-kl/Wavelet/plugins/infra/storage/plugin.go:138.2,144.8 1 0
github.com/Rain-kl/Wavelet/plugins/domain/user/plugin.go:23.56,24.25 1 0
github.com/Rain-kl/Wavelet/plugins/domain/user/plugin.go:24.25,26.3 1 0
github.com/Rain-kl/Wavelet/plugins/domain/user/plugin.go:35.34,37.27 2 1
github.com/Rain-kl/Wavelet/plugins/domain/user/plugin.go:37.27,38.17 1 0
github.com/Rain-kl/Wavelet/plugins/domain/user/plugin.go:38.17,40.4 1 0
github.com/Rain-kl/Wavelet/plugins/domain/user/plugin.go:42.2,42.10 1 1
github.com/Rain-kl/Wavelet/plugins/domain/user/plugin.go:46.32,48.2 1 1
github.com/Rain-kl/Wavelet/plugins/domain/user/plugin.go:51.43,58.2 1 1
github.com/Rain-kl/Wavelet/plugins/domain/user/plugin.go:61.49,66.22 2 1
github.com/Rain-kl/Wavelet/plugins/domain/user/plugin.go:66.22,68.3 1 1
github.com/Rain-kl/Wavelet/plugins/domain/user/plugin.go:69.2,73.2 3 1
github.com/Rain-kl/Wavelet/plugins/domain/user/plugin.go:73.2,83.3 8 1
github.com/Rain-kl/Wavelet/plugins/domain/user/plugin.go:83.3,88.4 4 1
github.com/Rain-kl/Wavelet/plugins/domain/user/plugin.go:91.2,94.91 2 1
github.com/Rain-kl/Wavelet/plugins/domain/user/plugin.go:94.91,97.3 1 0
github.com/Rain-kl/Wavelet/plugins/domain/user/plugin.go:99.2,99.92 1 1
github.com/Rain-kl/Wavelet/plugins/domain/user/plugin.go:99.92,101.3 1 0
github.com/Rain-kl/Wavelet/plugins/domain/user/plugin.go:104.2,131.12 5 1
github.com/Rain-kl/Wavelet/plugins/domain/user/service.go:17.50,18.14 1 3
github.com/Rain-kl/Wavelet/plugins/domain/user/service.go:18.14,20.3 1 0
github.com/Rain-kl/Wavelet/plugins/domain/user/service.go:21.2,37.3 1 3
github.com/Rain-kl/Wavelet/plugins/domain/user/service.go:42.45,44.2 1 1
github.com/Rain-kl/Wavelet/plugins/domain/user/service.go:46.99,48.16 2 1
github.com/Rain-kl/Wavelet/plugins/domain/user/service.go:48.16,50.3 1 0
github.com/Rain-kl/Wavelet/plugins/domain/user/service.go:51.2,51.27 1 1
github.com/Rain-kl/Wavelet/plugins/domain/user/service.go:54.111,56.16 2 0
github.com/Rain-kl/Wavelet/plugins/domain/user/service.go:56.16,58.3 1 0
github.com/Rain-kl/Wavelet/plugins/domain/user/service.go:59.2,59.27 1 0
github.com/Rain-kl/Wavelet/plugins/domain/user/service.go:62.105,64.77 2 0
github.com/Rain-kl/Wavelet/plugins/domain/user/service.go:64.77,66.3 1 0
github.com/Rain-kl/Wavelet/plugins/domain/user/service.go:67.2,67.27 1 0
github.com/Rain-kl/Wavelet/plugins/domain/user/service.go:70.120,71.24 1 2
github.com/Rain-kl/Wavelet/plugins/domain/user/service.go:71.24,73.3 1 1
github.com/Rain-kl/Wavelet/plugins/domain/user/service.go:75.2,87.25 2 1
github.com/Rain-kl/Wavelet/plugins/domain/user/service.go:87.25,89.3 1 1
github.com/Rain-kl/Wavelet/plugins/domain/user/service.go:91.2,91.24 1 1
github.com/Rain-kl/Wavelet/plugins/domain/user/service.go:91.24,92.65 1 1
github.com/Rain-kl/Wavelet/plugins/domain/user/service.go:92.65,94.4 1 0
github.com/Rain-kl/Wavelet/plugins/domain/user/service.go:97.2,97.58 1 1
github.com/Rain-kl/Wavelet/plugins/domain/user/service.go:97.58,99.3 1 0
github.com/Rain-kl/Wavelet/plugins/domain/user/service.go:101.2,101.30 1 1
github.com/Rain-kl/Wavelet/plugins/domain/user/service.go:104.141,106.25 2 1
github.com/Rain-kl/Wavelet/plugins/domain/user/service.go:106.25,108.3 1 1
github.com/Rain-kl/Wavelet/plugins/domain/user/service.go:109.2,109.22 1 1
github.com/Rain-kl/Wavelet/plugins/domain/user/service.go:109.22,111.3 1 1
github.com/Rain-kl/Wavelet/plugins/domain/user/service.go:112.2,112.26 1 1
github.com/Rain-kl/Wavelet/plugins/domain/user/service.go:112.26,114.3 1 0
github.com/Rain-kl/Wavelet/plugins/domain/user/service.go:115.2,115.20 1 1
github.com/Rain-kl/Wavelet/plugins/domain/user/service.go:115.20,117.3 1 0
github.com/Rain-kl/Wavelet/plugins/domain/user/service.go:118.2,118.22 1 1
github.com/Rain-kl/Wavelet/plugins/domain/user/service.go:118.22,120.3 1 0
github.com/Rain-kl/Wavelet/plugins/domain/user/service.go:121.2,121.23 1 1
github.com/Rain-kl/Wavelet/plugins/domain/user/service.go:121.23,123.3 1 1
github.com/Rain-kl/Wavelet/plugins/domain/user/service.go:124.2,124.24 1 1
github.com/Rain-kl/Wavelet/plugins/domain/user/service.go:124.24,126.3 1 1
github.com/Rain-kl/Wavelet/plugins/domain/user/service.go:127.2,127.25 1 1
github.com/Rain-kl/Wavelet/plugins/domain/user/service.go:127.25,129.3 1 1
github.com/Rain-kl/Wavelet/plugins/domain/user/service.go:130.2,132.99 2 1
github.com/Rain-kl/Wavelet/plugins/domain/user/service.go:132.99,134.3 1 0
github.com/Rain-kl/Wavelet/plugins/domain/user/service.go:136.2,136.31 1 1
github.com/Rain-kl/Wavelet/plugins/domain/user/service.go:139.113,141.74 2 2
github.com/Rain-kl/Wavelet/plugins/domain/user/service.go:141.74,143.3 1 0
github.com/Rain-kl/Wavelet/plugins/domain/user/service.go:145.2,145.38 1 2
github.com/Rain-kl/Wavelet/plugins/domain/user/service.go:145.38,147.3 1 1
github.com/Rain-kl/Wavelet/plugins/domain/user/service.go:149.2,149.63 1 1
github.com/Rain-kl/Wavelet/plugins/domain/user/service.go:149.63,151.3 1 0
github.com/Rain-kl/Wavelet/plugins/domain/user/service.go:153.2,157.11 1 1
github.com/Rain-kl/Wavelet/plugins/domain/user/service.go:160.96,162.74 2 3
github.com/Rain-kl/Wavelet/plugins/domain/user/service.go:162.74,165.3 2 0
github.com/Rain-kl/Wavelet/plugins/domain/user/service.go:166.2,166.37 1 3
github.com/Rain-kl/Wavelet/plugins/domain/user/service.go:169.91,175.2 1 0
github.com/Rain-kl/Wavelet/plugins/domain/user/service.go:177.131,178.15 1 1
github.com/Rain-kl/Wavelet/plugins/domain/user/service.go:178.15,180.3 1 0
github.com/Rain-kl/Wavelet/plugins/domain/user/service.go:181.2,181.19 1 1
github.com/Rain-kl/Wavelet/plugins/domain/user/service.go:181.19,183.3 1 0
github.com/Rain-kl/Wavelet/plugins/domain/user/service.go:185.2,192.16 3 1
github.com/Rain-kl/Wavelet/plugins/domain/user/service.go:192.16,194.3 1 0
github.com/Rain-kl/Wavelet/plugins/domain/user/service.go:196.2,197.23 2 1
github.com/Rain-kl/Wavelet/plugins/domain/user/service.go:197.23,199.3 1 1
github.com/Rain-kl/Wavelet/plugins/domain/user/service.go:201.2,201.25 1 1
github.com/Rain-kl/Wavelet/plugins/domain/user/service.go:204.92,206.2 1 1
github.com/Rain-kl/Wavelet/plugins/domain/user/service.go:208.90,210.2 1 1
